Analysis & Synthesis report for MIPS_SingleCycle
Wed Nov 27 10:24:13 2019
Quartus Prime Version 17.1.0 Build 590 10/25/2017 SJ Lite Edition


---------------------
; Table of Contents ;
---------------------
  1. Legal Notice
  2. Analysis & Synthesis Summary
  3. Analysis & Synthesis Settings
  4. Parallel Compilation
  5. Parameter Settings for User Entity Instance: instructionMemory:instmem
  6. Parameter Settings for User Entity Instance: DisplayUnit:display
  7. Parameter Settings for User Entity Instance: DebounceUnit:debncer
  8. Parameter Settings for User Entity Instance: RegFile:regFile|DP_Memory:rs_mem
  9. Parameter Settings for User Entity Instance: RegFile:regFile|DP_Memory:rt_mem
 10. Parameter Settings for User Entity Instance: RegFile:regFile|DP_Memory:DU_mem
 11. Parameter Settings for User Entity Instance: Mux2N:muxALU
 12. Parameter Settings for User Entity Instance: Mux2N:muxMemOut
 13. Port Connectivity Checks: "ALU32:alu"
 14. Port Connectivity Checks: "InstrSplitter:spliter"
 15. Port Connectivity Checks: "PCupdate:pcupd"
 16. Analysis & Synthesis Messages



----------------
; Legal Notice ;
----------------
Copyright (C) 2017  Intel Corporation. All rights reserved.
Your use of Intel Corporation's design tools, logic functions 
and other software and tools, and its AMPP partner logic 
functions, and any output files from any of the foregoing 
(including device programming or simulation files), and any 
associated documentation or information are expressly subject 
to the terms and conditions of the Intel Program License 
Subscription Agreement, the Intel Quartus Prime License Agreement,
the Intel FPGA IP License Agreement, or other applicable license
agreement, including, without limitation, that your use is for
the sole purpose of programming logic devices manufactured by
Intel and sold by Intel or its authorized distributors.  Please
refer to the applicable agreement for further details.



+----------------------------------------------------------------------------------+
; Analysis & Synthesis Summary                                                     ;
+------------------------------------+---------------------------------------------+
; Analysis & Synthesis Status        ; Failed - Wed Nov 27 10:24:13 2019           ;
; Quartus Prime Version              ; 17.1.0 Build 590 10/25/2017 SJ Lite Edition ;
; Revision Name                      ; MIPS_SingleCycle                            ;
; Top-level Entity Name              ; MIPS_SingleCycle                            ;
; Family                             ; Cyclone IV E                                ;
; Total logic elements               ; N/A until Partition Merge                   ;
;     Total combinational functions  ; N/A until Partition Merge                   ;
;     Dedicated logic registers      ; N/A until Partition Merge                   ;
; Total registers                    ; N/A until Partition Merge                   ;
; Total pins                         ; N/A until Partition Merge                   ;
; Total virtual pins                 ; N/A until Partition Merge                   ;
; Total memory bits                  ; N/A until Partition Merge                   ;
; Embedded Multiplier 9-bit elements ; N/A until Partition Merge                   ;
; Total PLLs                         ; N/A until Partition Merge                   ;
+------------------------------------+---------------------------------------------+


+----------------------------------------------------------------------------------------------------------------------+
; Analysis & Synthesis Settings                                                                                        ;
+----------------------------------------------------------------------------+--------------------+--------------------+
; Option                                                                     ; Setting            ; Default Value      ;
+----------------------------------------------------------------------------+--------------------+--------------------+
; Device                                                                     ; EP4CE115F29C7      ;                    ;
; Top-level entity name                                                      ; MIPS_SingleCycle   ; MIPS_SingleCycle   ;
; Family name                                                                ; Cyclone IV E       ; Cyclone V          ;
; VHDL Show LMF Mapping Messages                                             ; Off                ;                    ;
; VHDL Version                                                               ; VHDL_2008          ; VHDL_1993          ;
; Use smart compilation                                                      ; Off                ; Off                ;
; Enable parallel Assembler and TimeQuest Timing Analyzer during compilation ; On                 ; On                 ;
; Enable compact report table                                                ; Off                ; Off                ;
; Restructure Multiplexers                                                   ; Auto               ; Auto               ;
; Create Debugging Nodes for IP Cores                                        ; Off                ; Off                ;
; Preserve fewer node names                                                  ; On                 ; On                 ;
; Intel FPGA IP Evaluation Mode                                              ; Enable             ; Enable             ;
; Verilog Version                                                            ; Verilog_2001       ; Verilog_2001       ;
; State Machine Processing                                                   ; Auto               ; Auto               ;
; Safe State Machine                                                         ; Off                ; Off                ;
; Extract Verilog State Machines                                             ; On                 ; On                 ;
; Extract VHDL State Machines                                                ; On                 ; On                 ;
; Ignore Verilog initial constructs                                          ; Off                ; Off                ;
; Iteration limit for constant Verilog loops                                 ; 5000               ; 5000               ;
; Iteration limit for non-constant Verilog loops                             ; 250                ; 250                ;
; Add Pass-Through Logic to Inferred RAMs                                    ; On                 ; On                 ;
; Infer RAMs from Raw Logic                                                  ; On                 ; On                 ;
; Parallel Synthesis                                                         ; On                 ; On                 ;
; DSP Block Balancing                                                        ; Auto               ; Auto               ;
; NOT Gate Push-Back                                                         ; On                 ; On                 ;
; Power-Up Don't Care                                                        ; On                 ; On                 ;
; Remove Redundant Logic Cells                                               ; Off                ; Off                ;
; Remove Duplicate Registers                                                 ; On                 ; On                 ;
; Ignore CARRY Buffers                                                       ; Off                ; Off                ;
; Ignore CASCADE Buffers                                                     ; Off                ; Off                ;
; Ignore GLOBAL Buffers                                                      ; Off                ; Off                ;
; Ignore ROW GLOBAL Buffers                                                  ; Off                ; Off                ;
; Ignore LCELL Buffers                                                       ; Off                ; Off                ;
; Ignore SOFT Buffers                                                        ; On                 ; On                 ;
; Limit AHDL Integers to 32 Bits                                             ; Off                ; Off                ;
; Optimization Technique                                                     ; Balanced           ; Balanced           ;
; Carry Chain Length                                                         ; 70                 ; 70                 ;
; Auto Carry Chains                                                          ; On                 ; On                 ;
; Auto Open-Drain Pins                                                       ; On                 ; On                 ;
; Perform WYSIWYG Primitive Resynthesis                                      ; Off                ; Off                ;
; Auto ROM Replacement                                                       ; On                 ; On                 ;
; Auto RAM Replacement                                                       ; On                 ; On                 ;
; Auto DSP Block Replacement                                                 ; On                 ; On                 ;
; Auto Shift Register Replacement                                            ; Auto               ; Auto               ;
; Allow Shift Register Merging across Hierarchies                            ; Auto               ; Auto               ;
; Auto Clock Enable Replacement                                              ; On                 ; On                 ;
; Strict RAM Replacement                                                     ; Off                ; Off                ;
; Allow Synchronous Control Signals                                          ; On                 ; On                 ;
; Force Use of Synchronous Clear Signals                                     ; Off                ; Off                ;
; Auto RAM Block Balancing                                                   ; On                 ; On                 ;
; Auto RAM to Logic Cell Conversion                                          ; Off                ; Off                ;
; Auto Resource Sharing                                                      ; Off                ; Off                ;
; Allow Any RAM Size For Recognition                                         ; Off                ; Off                ;
; Allow Any ROM Size For Recognition                                         ; Off                ; Off                ;
; Allow Any Shift Register Size For Recognition                              ; Off                ; Off                ;
; Use LogicLock Constraints during Resource Balancing                        ; On                 ; On                 ;
; Ignore translate_off and synthesis_off directives                          ; Off                ; Off                ;
; Timing-Driven Synthesis                                                    ; On                 ; On                 ;
; Report Parameter Settings                                                  ; On                 ; On                 ;
; Report Source Assignments                                                  ; On                 ; On                 ;
; Report Connectivity Checks                                                 ; On                 ; On                 ;
; Ignore Maximum Fan-Out Assignments                                         ; Off                ; Off                ;
; Synchronization Register Chain Length                                      ; 2                  ; 2                  ;
; Power Optimization During Synthesis                                        ; Normal compilation ; Normal compilation ;
; HDL message level                                                          ; Level2             ; Level2             ;
; Suppress Register Optimization Related Messages                            ; Off                ; Off                ;
; Number of Removed Registers Reported in Synthesis Report                   ; 5000               ; 5000               ;
; Number of Swept Nodes Reported in Synthesis Report                         ; 5000               ; 5000               ;
; Number of Inverted Registers Reported in Synthesis Report                  ; 100                ; 100                ;
; Clock MUX Protection                                                       ; On                 ; On                 ;
; Auto Gated Clock Conversion                                                ; Off                ; Off                ;
; Block Design Naming                                                        ; Auto               ; Auto               ;
; SDC constraint protection                                                  ; Off                ; Off                ;
; Synthesis Effort                                                           ; Auto               ; Auto               ;
; Shift Register Replacement - Allow Asynchronous Clear Signal               ; On                 ; On                 ;
; Pre-Mapping Resynthesis Optimization                                       ; Off                ; Off                ;
; Analysis & Synthesis Message Level                                         ; Medium             ; Medium             ;
; Disable Register Merging Across Hierarchies                                ; Auto               ; Auto               ;
; Resource Aware Inference For Block RAM                                     ; On                 ; On                 ;
+----------------------------------------------------------------------------+--------------------+--------------------+


+------------------------------------------+
; Parallel Compilation                     ;
+----------------------------+-------------+
; Processors                 ; Number      ;
+----------------------------+-------------+
; Number detected on machine ; 4           ;
; Maximum allowed            ; 2           ;
;                            ;             ;
; Average used               ; 1.00        ;
; Maximum used               ; 1           ;
;                            ;             ;
; Usage by Processor         ; % Time Used ;
;     Processor 1            ; 100.0%      ;
+----------------------------+-------------+


+------------------------------------------------------------------------+
; Parameter Settings for User Entity Instance: instructionMemory:instmem ;
+----------------+-------+-----------------------------------------------+
; Parameter Name ; Value ; Type                                          ;
+----------------+-------+-----------------------------------------------+
; addr_bus_size  ; 6     ; Signed Integer                                ;
+----------------+-------+-----------------------------------------------+
Note: In order to hide this table in the UI and the text report file, please set the "Show Parameter Settings in Synthesis Report" option in "Analysis and Synthesis Settings -> More Settings" to "Off".


+------------------------------------------------------------------+
; Parameter Settings for User Entity Instance: DisplayUnit:display ;
+---------------------+-------+------------------------------------+
; Parameter Name      ; Value ; Type                               ;
+---------------------+-------+------------------------------------+
; khzclkfreq          ; 50000 ; Signed Integer                     ;
; msecmininwidth      ; 100   ; Signed Integer                     ;
; msecmininrepeat     ; 400   ; Signed Integer                     ;
; msecmininrepeatfast ; 100   ; Signed Integer                     ;
; im_addr_size        ; 6     ; Signed Integer                     ;
; dm_addr_size        ; 6     ; Signed Integer                     ;
; datapathtype        ; '0'   ; Enumerated                         ;
+---------------------+-------+------------------------------------+
Note: In order to hide this table in the UI and the text report file, please set the "Show Parameter Settings in Synthesis Report" option in "Analysis and Synthesis Settings -> More Settings" to "Off".


+-------------------------------------------------------------------+
; Parameter Settings for User Entity Instance: DebounceUnit:debncer ;
+----------------+-------+------------------------------------------+
; Parameter Name ; Value ; Type                                     ;
+----------------+-------+------------------------------------------+
; khzclkfreq     ; 50000 ; Signed Integer                           ;
; msecmininwidth ; 100   ; Signed Integer                           ;
; inpolarity     ; '0'   ; Enumerated                               ;
; outpolarity    ; '1'   ; Enumerated                               ;
+----------------+-------+------------------------------------------+
Note: In order to hide this table in the UI and the text report file, please set the "Show Parameter Settings in Synthesis Report" option in "Analysis and Synthesis Settings -> More Settings" to "Off".


+-------------------------------------------------------------------------------+
; Parameter Settings for User Entity Instance: RegFile:regFile|DP_Memory:rs_mem ;
+----------------+-------+------------------------------------------------------+
; Parameter Name ; Value ; Type                                                 ;
+----------------+-------+------------------------------------------------------+
; word_bits      ; 32    ; Signed Integer                                       ;
; addr_bits      ; 5     ; Signed Integer                                       ;
+----------------+-------+------------------------------------------------------+
Note: In order to hide this table in the UI and the text report file, please set the "Show Parameter Settings in Synthesis Report" option in "Analysis and Synthesis Settings -> More Settings" to "Off".


+-------------------------------------------------------------------------------+
; Parameter Settings for User Entity Instance: RegFile:regFile|DP_Memory:rt_mem ;
+----------------+-------+------------------------------------------------------+
; Parameter Name ; Value ; Type                                                 ;
+----------------+-------+------------------------------------------------------+
; word_bits      ; 32    ; Signed Integer                                       ;
; addr_bits      ; 5     ; Signed Integer                                       ;
+----------------+-------+------------------------------------------------------+
Note: In order to hide this table in the UI and the text report file, please set the "Show Parameter Settings in Synthesis Report" option in "Analysis and Synthesis Settings -> More Settings" to "Off".


+-------------------------------------------------------------------------------+
; Parameter Settings for User Entity Instance: RegFile:regFile|DP_Memory:DU_mem ;
+----------------+-------+------------------------------------------------------+
; Parameter Name ; Value ; Type                                                 ;
+----------------+-------+------------------------------------------------------+
; word_bits      ; 32    ; Signed Integer                                       ;
; addr_bits      ; 5     ; Signed Integer                                       ;
+----------------+-------+------------------------------------------------------+
Note: In order to hide this table in the UI and the text report file, please set the "Show Parameter Settings in Synthesis Report" option in "Analysis and Synthesis Settings -> More Settings" to "Off".


+-----------------------------------------------------------+
; Parameter Settings for User Entity Instance: Mux2N:muxALU ;
+----------------+-------+----------------------------------+
; Parameter Name ; Value ; Type                             ;
+----------------+-------+----------------------------------+
; n              ; 32    ; Signed Integer                   ;
+----------------+-------+----------------------------------+
Note: In order to hide this table in the UI and the text report file, please set the "Show Parameter Settings in Synthesis Report" option in "Analysis and Synthesis Settings -> More Settings" to "Off".


+--------------------------------------------------------------+
; Parameter Settings for User Entity Instance: Mux2N:muxMemOut ;
+----------------+-------+-------------------------------------+
; Parameter Name ; Value ; Type                                ;
+----------------+-------+-------------------------------------+
; n              ; 32    ; Signed Integer                      ;
+----------------+-------+-------------------------------------+
Note: In order to hide this table in the UI and the text report file, please set the "Show Parameter Settings in Synthesis Report" option in "Analysis and Synthesis Settings -> More Settings" to "Off".


+----------------------------------------------------------------------------------------------------------------+
; Port Connectivity Checks: "ALU32:alu"                                                                          ;
+------+--------+----------+-------------------------------------------------------------------------------------+
; Port ; Type   ; Severity ; Details                                                                             ;
+------+--------+----------+-------------------------------------------------------------------------------------+
; zero ; Output ; Info     ; Connected to dangling logic. Logic that only feeds a dangling port will be removed. ;
+------+--------+----------+-------------------------------------------------------------------------------------+


+-----------------------------------------------------------------------------------------------------------------+
; Port Connectivity Checks: "InstrSplitter:spliter"                                                               ;
+-------+--------+----------+-------------------------------------------------------------------------------------+
; Port  ; Type   ; Severity ; Details                                                                             ;
+-------+--------+----------+-------------------------------------------------------------------------------------+
; shamt ; Output ; Info     ; Connected to dangling logic. Logic that only feeds a dangling port will be removed. ;
+-------+--------+----------+-------------------------------------------------------------------------------------+


+---------------------------------------------------------------------------------------------------------------------+
; Port Connectivity Checks: "PCupdate:pcupd"                                                                          ;
+-----------+--------+----------+-------------------------------------------------------------------------------------+
; Port      ; Type   ; Severity ; Details                                                                             ;
+-----------+--------+----------+-------------------------------------------------------------------------------------+
; zero      ; Input  ; Info     ; Stuck at GND                                                                        ;
; branch    ; Input  ; Info     ; Stuck at GND                                                                        ;
; jump      ; Input  ; Info     ; Stuck at GND                                                                        ;
; pc[31..8] ; Output ; Info     ; Connected to dangling logic. Logic that only feeds a dangling port will be removed. ;
; pc[1..0]  ; Output ; Info     ; Connected to dangling logic. Logic that only feeds a dangling port will be removed. ;
+-----------+--------+----------+-------------------------------------------------------------------------------------+


+-------------------------------+
; Analysis & Synthesis Messages ;
+-------------------------------+
Info: *******************************************************************
Info: Running Quartus Prime Analysis & Synthesis
    Info: Version 17.1.0 Build 590 10/25/2017 SJ Lite Edition
    Info: Processing started: Wed Nov 27 10:24:00 2019
Info: Command: quartus_map --read_settings_files=on --write_settings_files=off MIPS_SingleCycle -c MIPS_SingleCycle
Warning (18236): Number of processors has not been specified which may cause overloading on shared machines.  Set the global assignment NUM_PARALLEL_PROCESSORS in your QSF to an appropriate value for best performance.
Info (20030): Parallel compilation is enabled and will use 2 of the 2 processors detected
Info (12021): Found 2 design units, including 1 entities, in source file mips_singlecycle.vhd
    Info (12022): Found design unit 1: MIPS_SingleCycle-Shell File: C:/Users/Martim/Desktop/Uni/Em falta/AC1/aula8/MIPS_SingleCycle.vhd Line: 30
    Info (12023): Found entity 1: MIPS_SingleCycle File: C:/Users/Martim/Desktop/Uni/Em falta/AC1/aula8/MIPS_SingleCycle.vhd Line: 14
Info (12021): Found 2 design units, including 1 entities, in source file divfreq.vhd
    Info (12022): Found design unit 1: divFreq-Behavioral File: C:/Users/Martim/Desktop/Uni/Em falta/AC1/aula8/divFreq.vhd Line: 17
    Info (12023): Found entity 1: divFreq File: C:/Users/Martim/Desktop/Uni/Em falta/AC1/aula8/divFreq.vhd Line: 11
Info (12021): Found 2 design units, including 1 entities, in source file debounceunit.vhd
    Info (12022): Found design unit 1: DebounceUnit-Behavioral File: C:/Users/Martim/Desktop/Uni/Em falta/AC1/aula8/DebounceUnit.vhd Line: 21
    Info (12023): Found entity 1: DebounceUnit File: C:/Users/Martim/Desktop/Uni/Em falta/AC1/aula8/DebounceUnit.vhd Line: 11
Info (12021): Found 2 design units, including 0 entities, in source file mips_pkg.vhd
    Info (12022): Found design unit 1: MIPS_pkg File: C:/Users/Martim/Desktop/Uni/Em falta/AC1/aula8/MIPS_pkg.vhd Line: 10
    Info (12022): Found design unit 2: MIPS_pkg-body File: C:/Users/Martim/Desktop/Uni/Em falta/AC1/aula8/MIPS_pkg.vhd Line: 17
Info (12021): Found 2 design units, including 1 entities, in source file displayunit.vhd
    Info (12022): Found design unit 1: DisplayUnit-Behavioral File: C:/Users/Martim/Desktop/Uni/Em falta/AC1/aula8/DisplayUnit.vhd Line: 37
    Info (12023): Found entity 1: DisplayUnit File: C:/Users/Martim/Desktop/Uni/Em falta/AC1/aula8/DisplayUnit.vhd Line: 14
Info (12021): Found 2 design units, including 0 entities, in source file displayunit_pkg.vhd
    Info (12022): Found design unit 1: DisplayUnit_pkg File: C:/Users/Martim/Desktop/Uni/Em falta/AC1/aula8/DisplayUnit_pkg.vhd Line: 13
    Info (12022): Found design unit 2: DisplayUnit_pkg-body File: C:/Users/Martim/Desktop/Uni/Em falta/AC1/aula8/DisplayUnit_pkg.vhd Line: 31
Info (12021): Found 2 design units, including 1 entities, in source file pcupdate.vhd
    Info (12022): Found design unit 1: PCupdate-Behavioral File: C:/Users/Martim/Desktop/Uni/Em falta/AC1/aula8/PCupdate.vhd Line: 19
    Info (12023): Found entity 1: PCupdate File: C:/Users/Martim/Desktop/Uni/Em falta/AC1/aula8/PCupdate.vhd Line: 8
Info (12021): Found 2 design units, including 1 entities, in source file instructionmemory.vhd
    Info (12022): Found design unit 1: instructionMemory-Behavioral File: C:/Users/Martim/Desktop/Uni/Em falta/AC1/aula8/InstructionMemory.vhd Line: 13
    Info (12023): Found entity 1: instructionMemory File: C:/Users/Martim/Desktop/Uni/Em falta/AC1/aula8/InstructionMemory.vhd Line: 7
Info (12021): Found 2 design units, including 1 entities, in source file signextend.vhd
    Info (12022): Found design unit 1: SignExtend-Behavioral File: C:/Users/Martim/Desktop/Uni/Em falta/AC1/aula8/SignExtend.vhd Line: 9
    Info (12023): Found entity 1: SignExtend File: C:/Users/Martim/Desktop/Uni/Em falta/AC1/aula8/SignExtend.vhd Line: 4
Info (12021): Found 2 design units, including 1 entities, in source file instrsplitter.vhd
    Info (12022): Found design unit 1: InstrSplitter-Behavioral File: C:/Users/Martim/Desktop/Uni/Em falta/AC1/aula8/InstrSplitter.vhd Line: 17
    Info (12023): Found entity 1: InstrSplitter File: C:/Users/Martim/Desktop/Uni/Em falta/AC1/aula8/InstrSplitter.vhd Line: 5
Info (12021): Found 2 design units, including 1 entities, in source file regfile.vhd
    Info (12022): Found design unit 1: RegFile-Structural File: C:/Users/Martim/Desktop/Uni/Em falta/AC1/aula8/RegFile.vhd Line: 19
    Info (12023): Found entity 1: RegFile File: C:/Users/Martim/Desktop/Uni/Em falta/AC1/aula8/RegFile.vhd Line: 8
Info (12021): Found 2 design units, including 1 entities, in source file alucontrol.vhd
    Info (12022): Found design unit 1: ALUControlUnit-Behavioral File: C:/Users/Martim/Desktop/Uni/Em falta/AC1/aula8/ALUControl.vhd Line: 10
    Info (12023): Found entity 1: ALUControlUnit File: C:/Users/Martim/Desktop/Uni/Em falta/AC1/aula8/ALUControl.vhd Line: 4
Info (12021): Found 2 design units, including 1 entities, in source file alu32.vhd
    Info (12022): Found design unit 1: ALU32-DataFlow File: C:/Users/Martim/Desktop/Uni/Em falta/AC1/aula8/ALU32.vhd Line: 12
    Info (12023): Found entity 1: ALU32 File: C:/Users/Martim/Desktop/Uni/Em falta/AC1/aula8/ALU32.vhd Line: 5
Info (12021): Found 2 design units, including 1 entities, in source file mux2n.vhd
    Info (12022): Found design unit 1: Mux2N-BehavAssign File: C:/Users/Martim/Desktop/Uni/Em falta/AC1/aula8/Mux2N.vhd Line: 12
    Info (12023): Found entity 1: Mux2N File: C:/Users/Martim/Desktop/Uni/Em falta/AC1/aula8/Mux2N.vhd Line: 4
Info (12021): Found 2 design units, including 1 entities, in source file dp_memory.vhd
    Info (12022): Found design unit 1: DP_Memory-Behavioral File: C:/Users/Martim/Desktop/Uni/Em falta/AC1/aula8/DP_Memory.vhd Line: 18
    Info (12023): Found entity 1: DP_Memory File: C:/Users/Martim/Desktop/Uni/Em falta/AC1/aula8/DP_Memory.vhd Line: 5
Info (12127): Elaborating entity "MIPS_SingleCycle" for the top level hierarchy
Warning (10541): VHDL Signal Declaration warning at MIPS_SingleCycle.vhd(18): used implicit default value for signal "LEDR" because signal was never assigned a value or an explicit default value. Use of implicit default value may introduce unintended design optimizations. File: C:/Users/Martim/Desktop/Uni/Em falta/AC1/aula8/MIPS_SingleCycle.vhd Line: 18
Warning (10541): VHDL Signal Declaration warning at MIPS_SingleCycle.vhd(19): used implicit default value for signal "LEDG" because signal was never assigned a value or an explicit default value. Use of implicit default value may introduce unintended design optimizations. File: C:/Users/Martim/Desktop/Uni/Em falta/AC1/aula8/MIPS_SingleCycle.vhd Line: 19
Warning (10541): VHDL Signal Declaration warning at MIPS_SingleCycle.vhd(45): used implicit default value for signal "s_extendImm" because signal was never assigned a value or an explicit default value. Use of implicit default value may introduce unintended design optimizations. File: C:/Users/Martim/Desktop/Uni/Em falta/AC1/aula8/MIPS_SingleCycle.vhd Line: 45
Warning (10541): VHDL Signal Declaration warning at MIPS_SingleCycle.vhd(45): used implicit default value for signal "s_memOut" because signal was never assigned a value or an explicit default value. Use of implicit default value may introduce unintended design optimizations. File: C:/Users/Martim/Desktop/Uni/Em falta/AC1/aula8/MIPS_SingleCycle.vhd Line: 45
Warning (10541): VHDL Signal Declaration warning at MIPS_SingleCycle.vhd(46): used implicit default value for signal "s_regWrite" because signal was never assigned a value or an explicit default value. Use of implicit default value may introduce unintended design optimizations. File: C:/Users/Martim/Desktop/Uni/Em falta/AC1/aula8/MIPS_SingleCycle.vhd Line: 46
Warning (10541): VHDL Signal Declaration warning at MIPS_SingleCycle.vhd(46): used implicit default value for signal "s_ALUscr" because signal was never assigned a value or an explicit default value. Use of implicit default value may introduce unintended design optimizations. File: C:/Users/Martim/Desktop/Uni/Em falta/AC1/aula8/MIPS_SingleCycle.vhd Line: 46
Warning (10036): Verilog HDL or VHDL warning at MIPS_SingleCycle.vhd(46): object "s_zero" assigned a value but never read File: C:/Users/Martim/Desktop/Uni/Em falta/AC1/aula8/MIPS_SingleCycle.vhd Line: 46
Warning (10541): VHDL Signal Declaration warning at MIPS_SingleCycle.vhd(46): used implicit default value for signal "s_memToReg" because signal was never assigned a value or an explicit default value. Use of implicit default value may introduce unintended design optimizations. File: C:/Users/Martim/Desktop/Uni/Em falta/AC1/aula8/MIPS_SingleCycle.vhd Line: 46
Warning (10541): VHDL Signal Declaration warning at MIPS_SingleCycle.vhd(47): used implicit default value for signal "s_dstReg" because signal was never assigned a value or an explicit default value. Use of implicit default value may introduce unintended design optimizations. File: C:/Users/Martim/Desktop/Uni/Em falta/AC1/aula8/MIPS_SingleCycle.vhd Line: 47
Warning (10541): VHDL Signal Declaration warning at MIPS_SingleCycle.vhd(47): used implicit default value for signal "s_rs_readAddr" because signal was never assigned a value or an explicit default value. Use of implicit default value may introduce unintended design optimizations. File: C:/Users/Martim/Desktop/Uni/Em falta/AC1/aula8/MIPS_SingleCycle.vhd Line: 47
Warning (10541): VHDL Signal Declaration warning at MIPS_SingleCycle.vhd(47): used implicit default value for signal "s_rt_readAddr" because signal was never assigned a value or an explicit default value. Use of implicit default value may introduce unintended design optimizations. File: C:/Users/Martim/Desktop/Uni/Em falta/AC1/aula8/MIPS_SingleCycle.vhd Line: 47
Warning (10541): VHDL Signal Declaration warning at MIPS_SingleCycle.vhd(48): used implicit default value for signal "s_ALUop" because signal was never assigned a value or an explicit default value. Use of implicit default value may introduce unintended design optimizations. File: C:/Users/Martim/Desktop/Uni/Em falta/AC1/aula8/MIPS_SingleCycle.vhd Line: 48
Warning (10541): VHDL Signal Declaration warning at MIPS_SingleCycle.vhd(49): used implicit default value for signal "s_funct" because signal was never assigned a value or an explicit default value. Use of implicit default value may introduce unintended design optimizations. File: C:/Users/Martim/Desktop/Uni/Em falta/AC1/aula8/MIPS_SingleCycle.vhd Line: 49
Info (12129): Elaborating entity "PCupdate" using architecture "A:behavioral" for hierarchy "PCupdate:pcupd" File: C:/Users/Martim/Desktop/Uni/Em falta/AC1/aula8/MIPS_SingleCycle.vhd Line: 55
Warning (10541): VHDL Signal Declaration warning at PCupdate.vhd(21): used implicit default value for signal "s_offset" because signal was never assigned a value or an explicit default value. Use of implicit default value may introduce unintended design optimizations. File: C:/Users/Martim/Desktop/Uni/Em falta/AC1/aula8/PCupdate.vhd Line: 21
Warning (10541): VHDL Signal Declaration warning at PCupdate.vhd(21): used implicit default value for signal "s_jAddr" because signal was never assigned a value or an explicit default value. Use of implicit default value may introduce unintended design optimizations. File: C:/Users/Martim/Desktop/Uni/Em falta/AC1/aula8/PCupdate.vhd Line: 21
Info (12129): Elaborating entity "instructionMemory" using architecture "A:behavioral" for hierarchy "instructionMemory:instmem" File: C:/Users/Martim/Desktop/Uni/Em falta/AC1/aula8/MIPS_SingleCycle.vhd Line: 66
Info (12129): Elaborating entity "InstrSplitter" using architecture "A:behavioral" for hierarchy "InstrSplitter:spliter" File: C:/Users/Martim/Desktop/Uni/Em falta/AC1/aula8/MIPS_SingleCycle.vhd Line: 72
Info (12129): Elaborating entity "SignExtend" using architecture "A:behavioral" for hierarchy "SignExtend:signext" File: C:/Users/Martim/Desktop/Uni/Em falta/AC1/aula8/MIPS_SingleCycle.vhd Line: 83
Info (12129): Elaborating entity "DisplayUnit" using architecture "A:behavioral" for hierarchy "DisplayUnit:display" File: C:/Users/Martim/Desktop/Uni/Em falta/AC1/aula8/MIPS_SingleCycle.vhd Line: 95
Info (12129): Elaborating entity "DebounceUnit" using architecture "A:behavioral" for hierarchy "DebounceUnit:debncer" File: C:/Users/Martim/Desktop/Uni/Em falta/AC1/aula8/MIPS_SingleCycle.vhd Line: 114
Info (12129): Elaborating entity "RegFile" using architecture "A:structural" for hierarchy "RegFile:regFile" File: C:/Users/Martim/Desktop/Uni/Em falta/AC1/aula8/MIPS_SingleCycle.vhd Line: 122
Info (12129): Elaborating entity "DP_Memory" using architecture "A:behavioral" for hierarchy "RegFile:regFile|DP_Memory:rs_mem" File: C:/Users/Martim/Desktop/Uni/Em falta/AC1/aula8/RegFile.vhd Line: 22
Info (12129): Elaborating entity "ALUControlUnit" using architecture "A:behavioral" for hierarchy "ALUControlUnit:ALUCtrl" File: C:/Users/Martim/Desktop/Uni/Em falta/AC1/aula8/MIPS_SingleCycle.vhd Line: 134
Info (12129): Elaborating entity "Mux2N" using architecture "A:behavassign" for hierarchy "Mux2N:muxALU" File: C:/Users/Martim/Desktop/Uni/Em falta/AC1/aula8/MIPS_SingleCycle.vhd Line: 141
Info (12129): Elaborating entity "ALU32" using architecture "A:dataflow" for hierarchy "ALU32:alu" File: C:/Users/Martim/Desktop/Uni/Em falta/AC1/aula8/MIPS_SingleCycle.vhd Line: 150
Error (12014): Net "global.bp.work.DisplayUnit_pkg.DU_IMaddr_5_", which fans out to "global.bp.work.DisplayUnit_pkg.DU_IMaddr_5__gl_output", cannot be assigned more than one value
    Error (12015): Net is fed by "DisplayUnit:display|s_addrCounters[1][5]" File: C:/Users/Martim/Desktop/Uni/Em falta/AC1/aula8/DisplayUnit.vhd Line: 67
    Error (12015): Net is fed by "instructionMemory:instmem|comb"
Error (12014): Net "global.bp.work.DisplayUnit_pkg.DU_IMaddr_4_", which fans out to "global.bp.work.DisplayUnit_pkg.DU_IMaddr_4__gl_output", cannot be assigned more than one value
    Error (12015): Net is fed by "DisplayUnit:display|s_addrCounters[1][4]" File: C:/Users/Martim/Desktop/Uni/Em falta/AC1/aula8/DisplayUnit.vhd Line: 67
    Error (12015): Net is fed by "instructionMemory:instmem|comb"
Error (12014): Net "global.bp.work.DisplayUnit_pkg.DU_IMaddr_3_", which fans out to "global.bp.work.DisplayUnit_pkg.DU_IMaddr_3__gl_output", cannot be assigned more than one value
    Error (12015): Net is fed by "DisplayUnit:display|s_addrCounters[1][3]" File: C:/Users/Martim/Desktop/Uni/Em falta/AC1/aula8/DisplayUnit.vhd Line: 67
    Error (12015): Net is fed by "instructionMemory:instmem|comb"
Error (12014): Net "global.bp.work.DisplayUnit_pkg.DU_IMaddr_2_", which fans out to "global.bp.work.DisplayUnit_pkg.DU_IMaddr_2__gl_output", cannot be assigned more than one value
    Error (12015): Net is fed by "DisplayUnit:display|s_addrCounters[1][2]" File: C:/Users/Martim/Desktop/Uni/Em falta/AC1/aula8/DisplayUnit.vhd Line: 67
    Error (12015): Net is fed by "instructionMemory:instmem|comb"
Error (12014): Net "global.bp.work.DisplayUnit_pkg.DU_IMaddr_1_", which fans out to "global.bp.work.DisplayUnit_pkg.DU_IMaddr_1__gl_output", cannot be assigned more than one value
    Error (12015): Net is fed by "DisplayUnit:display|s_addrCounters[1][1]" File: C:/Users/Martim/Desktop/Uni/Em falta/AC1/aula8/DisplayUnit.vhd Line: 67
    Error (12015): Net is fed by "instructionMemory:instmem|comb"
Error (12014): Net "global.bp.work.DisplayUnit_pkg.DU_IMaddr_0_", which fans out to "global.bp.work.DisplayUnit_pkg.DU_IMaddr_0__gl_output", cannot be assigned more than one value
    Error (12015): Net is fed by "DisplayUnit:display|s_addrCounters[1][0]" File: C:/Users/Martim/Desktop/Uni/Em falta/AC1/aula8/DisplayUnit.vhd Line: 67
    Error (12015): Net is fed by "instructionMemory:instmem|comb"
Error: Quartus Prime Analysis & Synthesis was unsuccessful. 18 errors, 16 warnings
    Error: Peak virtual memory: 4793 megabytes
    Error: Processing ended: Wed Nov 27 10:24:13 2019
    Error: Elapsed time: 00:00:13
    Error: Total CPU time (on all processors): 00:00:28


