Vivado Simulator 2020.2
Copyright 1986-1999, 2001-2020 Xilinx, Inc. All Rights Reserved.
Running: C:/Xilinx/Vivado/2020.2/bin/unwrapped/win64.o/xelab.exe -wto 6d95a79034294df3952c27e134aa8d4a --incr --debug typical --relax --mt 2 --maxdelay -L xil_defaultlib -L simprims_ver -L secureip --snapshot tutorial_tb_time_impl -transport_int_delays -pulse_r 0 -pulse_int_r 0 -pulse_e 0 -pulse_int_e 0 xil_defaultlib.tutorial_tb xil_defaultlib.glbl -log elaborate.log 
Using 2 slave threads.
Starting static elaboration
Pass Through NonSizing Optimizer
Completed static elaboration
Starting simulation data flow analysis
Completed simulation data flow analysis
INFO: [XSIM 43-3451] SDF backannotation process started with SDF file "tutorial_tb_time_impl.sdf", for root module "tutorial_tb/uut".
INFO: [XSIM 43-3452] SDF backannotation was successful for SDF file "tutorial_tb_time_impl.sdf", for root module "tutorial_tb/uut".
Time Resolution for simulation is 1ps
Compiling package std.standard
Compiling package std.textio
Compiling package ieee.std_logic_1164
Compiling package ieee.std_logic_arith
Compiling package ieee.std_logic_unsigned
Compiling package ieee.std_logic_textio
Compiling package ieee.numeric_std
Compiling package unisim.vcomponents
Compiling package vl.vl_types
Compiling module xil_defaultlib.glbl
Compiling module simprims_ver.OBUF
Compiling module simprims_ver.x_lut1_mux2
Compiling module simprims_ver.LUT1(INIT=2'b01)
Compiling module simprims_ver.x_lut2_mux4
Compiling module simprims_ver.LUT2
Compiling module simprims_ver.x_lut3_mux8
Compiling module simprims_ver.LUT3(INIT=8'b11001010)
Compiling module simprims_ver.IBUF
Compiling module xil_defaultlib.tutorial
Compiling architecture behavior of entity xil_defaultlib.tutorial_tb
Built simulation snapshot tutorial_tb_time_impl
