Flow report for CRC_Decoder
Tue Dec 15 17:15:50 2020
Quartus Prime Version 17.1.0 Build 590 10/25/2017 SJ Lite Edition


---------------------
; Table of Contents ;
---------------------
  1. Legal Notice
  2. Flow Summary
  3. Flow Settings
  4. Flow Non-Default Global Settings
  5. Flow Elapsed Time
  6. Flow OS Summary
  7. Flow Log
  8. Flow Messages
  9. Flow Suppressed Messages



----------------
; Legal Notice ;
----------------
Copyright (C) 2017  Intel Corporation. All rights reserved.
Your use of Intel Corporation's design tools, logic functions 
and other software and tools, and its AMPP partner logic 
functions, and any output files from any of the foregoing 
(including device programming or simulation files), and any 
associated documentation or information are expressly subject 
to the terms and conditions of the Intel Program License 
Subscription Agreement, the Intel Quartus Prime License Agreement,
the Intel FPGA IP License Agreement, or other applicable license
agreement, including, without limitation, that your use is for
the sole purpose of programming logic devices manufactured by
Intel and sold by Intel or its authorized distributors.  Please
refer to the applicable agreement for further details.



+----------------------------------------------------------------------------------+
; Flow Summary                                                                     ;
+------------------------------------+---------------------------------------------+
; Flow Status                        ; Successful - Tue Dec 15 17:15:50 2020       ;
; Quartus Prime Version              ; 17.1.0 Build 590 10/25/2017 SJ Lite Edition ;
; Revision Name                      ; CRC_Decoder                                 ;
; Top-level Entity Name              ; CRC_Checker_STD                             ;
; Family                             ; Cyclone IV GX                               ;
; Total logic elements               ; 22 / 14,400 ( < 1 % )                       ;
;     Total combinational functions  ; 22 / 14,400 ( < 1 % )                       ;
;     Dedicated logic registers      ; 0 / 14,400 ( 0 % )                          ;
; Total registers                    ; 0                                           ;
; Total pins                         ; 33 / 81 ( 41 % )                            ;
; Total virtual pins                 ; 0                                           ;
; Total memory bits                  ; 0 / 552,960 ( 0 % )                         ;
; Embedded Multiplier 9-bit elements ; 0                                           ;
; Total GXB Receiver Channel PCS     ; 0 / 2 ( 0 % )                               ;
; Total GXB Receiver Channel PMA     ; 0 / 2 ( 0 % )                               ;
; Total GXB Transmitter Channel PCS  ; 0 / 2 ( 0 % )                               ;
; Total GXB Transmitter Channel PMA  ; 0 / 2 ( 0 % )                               ;
; Total PLLs                         ; 0 / 3 ( 0 % )                               ;
; Device                             ; EP4CGX15BF14C6                              ;
; Timing Models                      ; Final                                       ;
+------------------------------------+---------------------------------------------+


+-----------------------------------------+
; Flow Settings                           ;
+-------------------+---------------------+
; Option            ; Setting             ;
+-------------------+---------------------+
; Start date & time ; 12/09/2020 01:23:19 ;
; Main task         ; Compilation         ;
; Revision Name     ; CRC_Decoder         ;
+-------------------+---------------------+


+---------------------------------------------------------------------------------------------------------------------------------+
; Flow Non-Default Global Settings                                                                                                ;
+-------------------------------------+----------------------------------------+---------------+-----------------+----------------+
; Assignment Name                     ; Value                                  ; Default Value ; Entity Name     ; Section Id     ;
+-------------------------------------+----------------------------------------+---------------+-----------------+----------------+
; COMPILER_SIGNATURE_ID               ; 150461128317508.160747699913816        ; --            ; --              ; --             ;
; EDA_OUTPUT_DATA_FORMAT              ; Vhdl                                   ; --            ; --              ; eda_simulation ;
; EDA_SIMULATION_TOOL                 ; ModelSim-Altera (VHDL)                 ; <None>        ; --              ; --             ;
; EDA_TIME_SCALE                      ; 1 ps                                   ; --            ; --              ; eda_simulation ;
; PARTITION_COLOR                     ; -- (Not supported for targeted family) ; --            ; CRC_Checker_STD ; Top            ;
; PARTITION_FITTER_PRESERVATION_LEVEL ; -- (Not supported for targeted family) ; --            ; CRC_Checker_STD ; Top            ;
; PARTITION_NETLIST_TYPE              ; -- (Not supported for targeted family) ; --            ; CRC_Checker_STD ; Top            ;
; PROJECT_OUTPUT_DIRECTORY            ; output_files                           ; --            ; --              ; --             ;
; TOP_LEVEL_ENTITY                    ; CRC_Checker_STD                        ; CRC_Decoder   ; --              ; --             ;
+-------------------------------------+----------------------------------------+---------------+-----------------+----------------+


+-------------------------------------------------------------------------------------------------------------------------------+
; Flow Elapsed Time                                                                                                             ;
+---------------------------+--------------+-------------------------+---------------------+------------------------------------+
; Module Name               ; Elapsed Time ; Average Processors Used ; Peak Virtual Memory ; Total CPU Time (on all processors) ;
+---------------------------+--------------+-------------------------+---------------------+------------------------------------+
; Analysis & Synthesis      ; 00:00:16     ; 1.0                     ; 4857 MB             ; 00:00:32                           ;
; Fitter                    ; 00:00:05     ; 1.0                     ; 5315 MB             ; 00:00:06                           ;
; Assembler                 ; 00:00:01     ; 1.0                     ; 4745 MB             ; 00:00:01                           ;
; TimeQuest Timing Analyzer ; 00:00:03     ; 1.0                     ; 4732 MB             ; 00:00:03                           ;
; EDA Netlist Writer        ; 00:00:01     ; 1.0                     ; 4714 MB             ; 00:00:02                           ;
; EDA Netlist Writer        ; 00:00:01     ; 1.0                     ; 4701 MB             ; 00:00:01                           ;
; EDA Netlist Writer        ; 00:00:01     ; 1.0                     ; 4706 MB             ; 00:00:01                           ;
; EDA Netlist Writer        ; 00:00:01     ; 1.0                     ; 4701 MB             ; 00:00:01                           ;
; EDA Netlist Writer        ; 00:00:02     ; 1.0                     ; 4706 MB             ; 00:00:01                           ;
; Total                     ; 00:00:31     ; --                      ; --                  ; 00:00:48                           ;
+---------------------------+--------------+-------------------------+---------------------+------------------------------------+


+-----------------------------------------------------------------------------------------+
; Flow OS Summary                                                                         ;
+---------------------------+------------------+------------+------------+----------------+
; Module Name               ; Machine Hostname ; OS Name    ; OS Version ; Processor type ;
+---------------------------+------------------+------------+------------+----------------+
; Analysis & Synthesis      ; Martim           ; Windows 10 ; 10.0       ; x86_64         ;
; Fitter                    ; Martim           ; Windows 10 ; 10.0       ; x86_64         ;
; Assembler                 ; Martim           ; Windows 10 ; 10.0       ; x86_64         ;
; TimeQuest Timing Analyzer ; Martim           ; Windows 10 ; 10.0       ; x86_64         ;
; EDA Netlist Writer        ; Martim           ; Windows 10 ; 10.0       ; x86_64         ;
; EDA Netlist Writer        ; Martim           ; Windows 10 ; 10.0       ; x86_64         ;
; EDA Netlist Writer        ; Martim           ; Windows 10 ; 10.0       ; x86_64         ;
; EDA Netlist Writer        ; Martim           ; Windows 10 ; 10.0       ; x86_64         ;
; EDA Netlist Writer        ; Martim           ; Windows 10 ; 10.0       ; x86_64         ;
+---------------------------+------------------+------------+------------+----------------+


------------
; Flow Log ;
------------
quartus_map --read_settings_files=on --write_settings_files=off CRC_Decoder -c CRC_Decoder
quartus_fit --read_settings_files=off --write_settings_files=off CRC_Decoder -c CRC_Decoder
quartus_asm --read_settings_files=off --write_settings_files=off CRC_Decoder -c CRC_Decoder
quartus_sta CRC_Decoder -c CRC_Decoder
quartus_eda --read_settings_files=off --write_settings_files=off CRC_Decoder -c CRC_Decoder
quartus_eda --gen_testbench --tool=modelsim_oem --format=vhdl --write_settings_files=off CRC_Decoder -c CRC_Decoder --vector_source="C:/Users/Martim/Desktop/Uni/4_ano_1_semestre/ACA/Projeto 1/CRC_Checker/Waveform.vwf" --testbench_file="C:/Users/Martim/Desktop/Uni/4_ano_1_semestre/ACA/Projeto 1/CRC_Checker/simulation/qsim/Waveform.vwf.vht"
quartus_eda --write_settings_files=off --simulation=on --functional=on --flatten_buses=off --tool=modelsim_oem --format=vhdl --output_directory="C:/Users/Martim/Desktop/Uni/4_ano_1_semestre/ACA/Projeto 1/CRC_Checker/simulation/qsim/" CRC_Decoder -c CRC_Decoder
quartus_eda --gen_testbench --tool=modelsim_oem --format=vhdl --write_settings_files=off CRC_Decoder -c CRC_Decoder --vector_source="C:/Users/Martim/Desktop/Uni/4_ano_1_semestre/ACA/Projeto 1/CRC_Checker/Waveform.vwf" --testbench_file="C:/Users/Martim/Desktop/Uni/4_ano_1_semestre/ACA/Projeto 1/CRC_Checker/simulation/qsim/Waveform.vwf.vht"
quartus_eda --write_settings_files=off --simulation=on --functional=on --flatten_buses=off --tool=modelsim_oem --format=vhdl --output_directory="C:/Users/Martim/Desktop/Uni/4_ano_1_semestre/ACA/Projeto 1/CRC_Checker/simulation/qsim/" CRC_Decoder -c CRC_Decoder



