#-----------------------------------------------------------
# Vivado v2020.2 (64-bit)
# SW Build 3064766 on Wed Nov 18 09:12:45 MST 2020
# IP Build 3064653 on Wed Nov 18 14:17:31 MST 2020
# Start of session at: Thu Mar 10 19:06:52 2022
# Process ID: 9476
# Current directory: C:/Users/marti/Desktop/Uni/5 ano/2 semestre/CR/rita/Pratica/Lab1/ex1
# Command line: vivado.exe -gui_launcher_event rodinguilauncherevent10688 C:\Users\marti\Desktop\Uni\5 ano\2 semestre\CR\rita\Pratica\Lab1\ex1\ex1.xpr
# Log file: C:/Users/marti/Desktop/Uni/5 ano/2 semestre/CR/rita/Pratica/Lab1/ex1/vivado.log
# Journal file: C:/Users/marti/Desktop/Uni/5 ano/2 semestre/CR/rita/Pratica/Lab1/ex1\vivado.jou
#-----------------------------------------------------------
start_gui
open_project {C:/Users/marti/Desktop/Uni/5 ano/2 semestre/CR/rita/Pratica/Lab1/ex1/ex1.xpr}
INFO: [Project 1-313] Project file moved from 'C:/Users/AMANTE/Desktop/CR/Week2_17-03_18-03/ex1' since last save.
WARNING: [filemgmt 56-2] Default IP Output Path : Could not find the directory 'C:/Users/marti/Desktop/Uni/5 ano/2 semestre/CR/rita/Pratica/Lab1/ex1/ex1.gen/sources_1', nor could it be found using path 'C:/Users/AMANTE/Desktop/CR/Week2_17-03_18-03/ex1/ex1.gen/sources_1'.
Scanning sources...
Finished scanning sources
INFO: [IP_Flow 19-234] Refreshing IP repositories
INFO: [IP_Flow 19-1704] No user IP repositories specified
INFO: [IP_Flow 19-2313] Loaded Vivado IP repository 'C:/Xilinx/Vivado/2020.2/data/ip'.
open_project: Time (s): cpu = 00:00:15 ; elapsed = 00:00:06 . Memory (MB): peak = 1000.316 ; gain = 0.000
exit
INFO: [Common 17-206] Exiting Vivado at Thu Mar 10 19:07:32 2022...
