#-----------------------------------------------------------
# Vivado v2020.2 (64-bit)
# SW Build 3064766 on Wed Nov 18 09:12:45 MST 2020
# IP Build 3064653 on Wed Nov 18 14:17:31 MST 2020
# Start of session at: Wed Mar 23 11:35:03 2022
# Process ID: 3152
# Current directory: C:/Users/marti/Desktop/Uni/5 ano/2 semestre/CR/guiao 2/exe2
# Command line: vivado.exe -gui_launcher_event rodinguilauncherevent11204 C:\Users\marti\Desktop\Uni\5 ano\2 semestre\CR\guiao 2\exe2\exe2.xpr
# Log file: C:/Users/marti/Desktop/Uni/5 ano/2 semestre/CR/guiao 2/exe2/vivado.log
# Journal file: C:/Users/marti/Desktop/Uni/5 ano/2 semestre/CR/guiao 2/exe2\vivado.jou
#-----------------------------------------------------------
start_gui
open_project {C:/Users/marti/Desktop/Uni/5 ano/2 semestre/CR/guiao 2/exe2/exe2.xpr}
WARNING: [filemgmt 56-3] Default IP Output Path : Could not find the directory 'C:/Users/marti/Desktop/Uni/5 ano/2 semestre/CR/guiao 2/exe2/exe2.gen/sources_1'.
Scanning sources...
Finished scanning sources
INFO: [IP_Flow 19-234] Refreshing IP repositories
INFO: [IP_Flow 19-1704] No user IP repositories specified
INFO: [IP_Flow 19-2313] Loaded Vivado IP repository 'C:/Xilinx/Vivado/2020.2/data/ip'.
open_project: Time (s): cpu = 00:00:21 ; elapsed = 00:00:11 . Memory (MB): peak = 999.469 ; gain = 0.000
update_compile_order -fileset sources_1
exit
INFO: [Common 17-206] Exiting Vivado at Wed Mar 23 11:37:15 2022...
