Flow report for mini_projeto_parte_3
Thu Apr 12 22:41:22 2018
Quartus Prime Version 17.1.0 Build 590 10/25/2017 SJ Lite Edition


---------------------
; Table of Contents ;
---------------------
  1. Legal Notice
  2. Flow Summary
  3. Flow Settings
  4. Flow Non-Default Global Settings
  5. Flow Elapsed Time
  6. Flow OS Summary
  7. Flow Log
  8. Flow Messages
  9. Flow Suppressed Messages



----------------
; Legal Notice ;
----------------
Copyright (C) 2017  Intel Corporation. All rights reserved.
Your use of Intel Corporation's design tools, logic functions 
and other software and tools, and its AMPP partner logic 
functions, and any output files from any of the foregoing 
(including device programming or simulation files), and any 
associated documentation or information are expressly subject 
to the terms and conditions of the Intel Program License 
Subscription Agreement, the Intel Quartus Prime License Agreement,
the Intel FPGA IP License Agreement, or other applicable license
agreement, including, without limitation, that your use is for
the sole purpose of programming logic devices manufactured by
Intel and sold by Intel or its authorized distributors.  Please
refer to the applicable agreement for further details.



+----------------------------------------------------------------------------------+
; Flow Summary                                                                     ;
+------------------------------------+---------------------------------------------+
; Flow Status                        ; Successful - Thu Apr 12 22:41:22 2018       ;
; Quartus Prime Version              ; 17.1.0 Build 590 10/25/2017 SJ Lite Edition ;
; Revision Name                      ; mini_projeto_parte_3                        ;
; Top-level Entity Name              ; inicio                                      ;
; Family                             ; Cyclone IV E                                ;
; Device                             ; EP4CE115F29C7                               ;
; Timing Models                      ; Final                                       ;
; Total logic elements               ; 60 / 114,480 ( < 1 % )                      ;
;     Total combinational functions  ; 60 / 114,480 ( < 1 % )                      ;
;     Dedicated logic registers      ; 33 / 114,480 ( < 1 % )                      ;
; Total registers                    ; 33                                          ;
; Total pins                         ; 4 / 529 ( < 1 % )                           ;
; Total virtual pins                 ; 0                                           ;
; Total memory bits                  ; 0 / 3,981,312 ( 0 % )                       ;
; Embedded Multiplier 9-bit elements ; 0 / 532 ( 0 % )                             ;
; Total PLLs                         ; 0 / 4 ( 0 % )                               ;
+------------------------------------+---------------------------------------------+


+------------------------------------------+
; Flow Settings                            ;
+-------------------+----------------------+
; Option            ; Setting              ;
+-------------------+----------------------+
; Start date & time ; 04/12/2018 19:53:30  ;
; Main task         ; Compilation          ;
; Revision Name     ; mini_projeto_parte_3 ;
+-------------------+----------------------+


+------------------------------------------------------------------------------------------------------------------------------------+
; Flow Non-Default Global Settings                                                                                                   ;
+-------------------------------------+----------------------------------------+----------------------+-------------+----------------+
; Assignment Name                     ; Value                                  ; Default Value        ; Entity Name ; Section Id     ;
+-------------------------------------+----------------------------------------+----------------------+-------------+----------------+
; COMPILER_SIGNATURE_ID               ; 150461128317508.152355921011508        ; --                   ; --          ; --             ;
; EDA_OUTPUT_DATA_FORMAT              ; Vhdl                                   ; --                   ; --          ; eda_simulation ;
; EDA_SIMULATION_TOOL                 ; ModelSim-Altera (VHDL)                 ; <None>               ; --          ; --             ;
; EDA_TIME_SCALE                      ; 1 ps                                   ; --                   ; --          ; eda_simulation ;
; MAX_CORE_JUNCTION_TEMP              ; 85                                     ; --                   ; --          ; --             ;
; MIN_CORE_JUNCTION_TEMP              ; 0                                      ; --                   ; --          ; --             ;
; NOMINAL_CORE_SUPPLY_VOLTAGE         ; 1.2V                                   ; --                   ; --          ; --             ;
; PARTITION_COLOR                     ; -- (Not supported for targeted family) ; --                   ; inicio      ; Top            ;
; PARTITION_FITTER_PRESERVATION_LEVEL ; -- (Not supported for targeted family) ; --                   ; inicio      ; Top            ;
; PARTITION_NETLIST_TYPE              ; -- (Not supported for targeted family) ; --                   ; inicio      ; Top            ;
; PROJECT_OUTPUT_DIRECTORY            ; output_files                           ; --                   ; --          ; --             ;
; TOP_LEVEL_ENTITY                    ; inicio                                 ; mini_projeto_parte_3 ; --          ; --             ;
+-------------------------------------+----------------------------------------+----------------------+-------------+----------------+


+-------------------------------------------------------------------------------------------------------------------------------+
; Flow Elapsed Time                                                                                                             ;
+---------------------------+--------------+-------------------------+---------------------+------------------------------------+
; Module Name               ; Elapsed Time ; Average Processors Used ; Peak Virtual Memory ; Total CPU Time (on all processors) ;
+---------------------------+--------------+-------------------------+---------------------+------------------------------------+
; Analysis & Synthesis      ; 00:00:12     ; 1.0                     ; 716 MB              ; 00:00:28                           ;
; Fitter                    ; 00:00:13     ; 1.0                     ; 1374 MB             ; 00:00:18                           ;
; Assembler                 ; 00:00:03     ; 1.0                     ; 602 MB              ; 00:00:03                           ;
; TimeQuest Timing Analyzer ; 00:00:02     ; 1.0                     ; 746 MB              ; 00:00:02                           ;
; EDA Netlist Writer        ; 00:00:01     ; 1.0                     ; 574 MB              ; 00:00:01                           ;
; EDA Netlist Writer        ; 00:00:01     ; 1.0                     ; 556 MB              ; 00:00:01                           ;
; EDA Netlist Writer        ; 00:00:00     ; 1.0                     ; 567 MB              ; 00:00:01                           ;
; EDA Netlist Writer        ; 00:00:01     ; 1.0                     ; 556 MB              ; 00:00:01                           ;
; EDA Netlist Writer        ; 00:00:01     ; 1.0                     ; 567 MB              ; 00:00:01                           ;
; EDA Netlist Writer        ; 00:00:01     ; 1.0                     ; 556 MB              ; 00:00:01                           ;
; EDA Netlist Writer        ; 00:00:01     ; 1.0                     ; 567 MB              ; 00:00:01                           ;
; EDA Netlist Writer        ; 00:00:01     ; 1.0                     ; 556 MB              ; 00:00:01                           ;
; EDA Netlist Writer        ; 00:00:01     ; 1.0                     ; 567 MB              ; 00:00:01                           ;
; EDA Netlist Writer        ; 00:00:01     ; 1.0                     ; 556 MB              ; 00:00:01                           ;
; EDA Netlist Writer        ; 00:00:01     ; 1.0                     ; 567 MB              ; 00:00:01                           ;
; Total                     ; 00:00:40     ; --                      ; --                  ; 00:01:02                           ;
+---------------------------+--------------+-------------------------+---------------------+------------------------------------+


+-----------------------------------------------------------------------------------------+
; Flow OS Summary                                                                         ;
+---------------------------+------------------+------------+------------+----------------+
; Module Name               ; Machine Hostname ; OS Name    ; OS Version ; Processor type ;
+---------------------------+------------------+------------+------------+----------------+
; Analysis & Synthesis      ; Martim           ; Windows 10 ; 10.0       ; x86_64         ;
; Fitter                    ; Martim           ; Windows 10 ; 10.0       ; x86_64         ;
; Assembler                 ; Martim           ; Windows 10 ; 10.0       ; x86_64         ;
; TimeQuest Timing Analyzer ; Martim           ; Windows 10 ; 10.0       ; x86_64         ;
; EDA Netlist Writer        ; Martim           ; Windows 10 ; 10.0       ; x86_64         ;
; EDA Netlist Writer        ; Martim           ; Windows 10 ; 10.0       ; x86_64         ;
; EDA Netlist Writer        ; Martim           ; Windows 10 ; 10.0       ; x86_64         ;
; EDA Netlist Writer        ; Martim           ; Windows 10 ; 10.0       ; x86_64         ;
; EDA Netlist Writer        ; Martim           ; Windows 10 ; 10.0       ; x86_64         ;
; EDA Netlist Writer        ; Martim           ; Windows 10 ; 10.0       ; x86_64         ;
; EDA Netlist Writer        ; Martim           ; Windows 10 ; 10.0       ; x86_64         ;
; EDA Netlist Writer        ; Martim           ; Windows 10 ; 10.0       ; x86_64         ;
; EDA Netlist Writer        ; Martim           ; Windows 10 ; 10.0       ; x86_64         ;
; EDA Netlist Writer        ; Martim           ; Windows 10 ; 10.0       ; x86_64         ;
; EDA Netlist Writer        ; Martim           ; Windows 10 ; 10.0       ; x86_64         ;
+---------------------------+------------------+------------+------------+----------------+


------------
; Flow Log ;
------------
quartus_map --read_settings_files=on --write_settings_files=off mini_projeto_parte_3 -c mini_projeto_parte_3
quartus_fit --read_settings_files=off --write_settings_files=off mini_projeto_parte_3 -c mini_projeto_parte_3
quartus_asm --read_settings_files=off --write_settings_files=off mini_projeto_parte_3 -c mini_projeto_parte_3
quartus_sta mini_projeto_parte_3 -c mini_projeto_parte_3
quartus_eda --read_settings_files=off --write_settings_files=off mini_projeto_parte_3 -c mini_projeto_parte_3
quartus_eda --gen_testbench --tool=modelsim_oem --format=vhdl --write_settings_files=off mini_projeto_parte_3 -c mini_projeto_parte_3 --vector_source="C:/Users/Martim/Desktop/mini_projeto_lsd/parte 3/Waveform.vwf" --testbench_file="C:/Users/Martim/Desktop/mini_projeto_lsd/parte 3/simulation/qsim/Waveform.vwf.vht"
quartus_eda --write_settings_files=off --simulation=on --functional=on --flatten_buses=off --tool=modelsim_oem --format=vhdl --output_directory="C:/Users/Martim/Desktop/mini_projeto_lsd/parte 3/simulation/qsim/" mini_projeto_parte_3 -c mini_projeto_parte_3
quartus_eda --gen_testbench --tool=modelsim_oem --format=vhdl --write_settings_files=off mini_projeto_parte_3 -c mini_projeto_parte_3 --vector_source="C:/Users/Martim/Desktop/mini_projeto_lsd/parte 3/Waveform.vwf" --testbench_file="C:/Users/Martim/Desktop/mini_projeto_lsd/parte 3/simulation/qsim/Waveform.vwf.vht"
quartus_eda --write_settings_files=off --simulation=on --functional=on --flatten_buses=off --tool=modelsim_oem --format=vhdl --output_directory="C:/Users/Martim/Desktop/mini_projeto_lsd/parte 3/simulation/qsim/" mini_projeto_parte_3 -c mini_projeto_parte_3
quartus_eda --gen_testbench --tool=modelsim_oem --format=vhdl --write_settings_files=off mini_projeto_parte_3 -c mini_projeto_parte_3 --vector_source="C:/Users/Martim/Desktop/mini_projeto_lsd/parte 3/Waveform.vwf" --testbench_file="C:/Users/Martim/Desktop/mini_projeto_lsd/parte 3/simulation/qsim/Waveform.vwf.vht"
quartus_eda --write_settings_files=off --simulation=on --functional=on --flatten_buses=off --tool=modelsim_oem --format=vhdl --output_directory="C:/Users/Martim/Desktop/mini_projeto_lsd/parte 3/simulation/qsim/" mini_projeto_parte_3 -c mini_projeto_parte_3
quartus_eda --gen_testbench --tool=modelsim_oem --format=vhdl --write_settings_files=off mini_projeto_parte_3 -c mini_projeto_parte_3 --vector_source="C:/Users/Martim/Desktop/mini_projeto_lsd/parte 3/Waveform.vwf" --testbench_file="C:/Users/Martim/Desktop/mini_projeto_lsd/parte 3/simulation/qsim/Waveform.vwf.vht"
quartus_eda --write_settings_files=off --simulation=on --functional=on --flatten_buses=off --tool=modelsim_oem --format=vhdl --output_directory="C:/Users/Martim/Desktop/mini_projeto_lsd/parte 3/simulation/qsim/" mini_projeto_parte_3 -c mini_projeto_parte_3
quartus_eda --gen_testbench --tool=modelsim_oem --format=vhdl --write_settings_files=off mini_projeto_parte_3 -c mini_projeto_parte_3 --vector_source="C:/Users/Martim/Desktop/mini_projeto_lsd/parte 3/Waveform.vwf" --testbench_file="C:/Users/Martim/Desktop/mini_projeto_lsd/parte 3/simulation/qsim/Waveform.vwf.vht"
quartus_eda --write_settings_files=off --simulation=on --functional=on --flatten_buses=off --tool=modelsim_oem --format=vhdl --output_directory="C:/Users/Martim/Desktop/mini_projeto_lsd/parte 3/simulation/qsim/" mini_projeto_parte_3 -c mini_projeto_parte_3



