Analysis & Synthesis report for CRC_Decoder
Wed Dec 09 01:23:34 2020
Quartus Prime Version 17.1.0 Build 590 10/25/2017 SJ Lite Edition


---------------------
; Table of Contents ;
---------------------
  1. Legal Notice
  2. Analysis & Synthesis Summary
  3. Analysis & Synthesis Settings
  4. Parallel Compilation
  5. Analysis & Synthesis Source Files Read
  6. Analysis & Synthesis Resource Usage Summary
  7. Analysis & Synthesis Resource Utilization by Entity
  8. General Register Statistics
  9. Port Connectivity Checks: "CRC_Checker:crc_e|CRC_ENCODER:crc_16to8|exor:x7"
 10. Post-Synthesis Netlist Statistics for Top Partition
 11. Elapsed Time Per Partition
 12. Analysis & Synthesis Messages



----------------
; Legal Notice ;
----------------
Copyright (C) 2017  Intel Corporation. All rights reserved.
Your use of Intel Corporation's design tools, logic functions 
and other software and tools, and its AMPP partner logic 
functions, and any output files from any of the foregoing 
(including device programming or simulation files), and any 
associated documentation or information are expressly subject 
to the terms and conditions of the Intel Program License 
Subscription Agreement, the Intel Quartus Prime License Agreement,
the Intel FPGA IP License Agreement, or other applicable license
agreement, including, without limitation, that your use is for
the sole purpose of programming logic devices manufactured by
Intel and sold by Intel or its authorized distributors.  Please
refer to the applicable agreement for further details.



+----------------------------------------------------------------------------------+
; Analysis & Synthesis Summary                                                     ;
+------------------------------------+---------------------------------------------+
; Analysis & Synthesis Status        ; Successful - Wed Dec 09 01:23:34 2020       ;
; Quartus Prime Version              ; 17.1.0 Build 590 10/25/2017 SJ Lite Edition ;
; Revision Name                      ; CRC_Decoder                                 ;
; Top-level Entity Name              ; CRC_Checker_STD                             ;
; Family                             ; Cyclone IV GX                               ;
; Total logic elements               ; 22                                          ;
;     Total combinational functions  ; 22                                          ;
;     Dedicated logic registers      ; 0                                           ;
; Total registers                    ; 0                                           ;
; Total pins                         ; 33                                          ;
; Total virtual pins                 ; 0                                           ;
; Total memory bits                  ; 0                                           ;
; Embedded Multiplier 9-bit elements ; 0                                           ;
; Total GXB Receiver Channel PCS     ; 0                                           ;
; Total GXB Receiver Channel PMA     ; 0                                           ;
; Total GXB Transmitter Channel PCS  ; 0                                           ;
; Total GXB Transmitter Channel PMA  ; 0                                           ;
; Total PLLs                         ; 0                                           ;
+------------------------------------+---------------------------------------------+


+----------------------------------------------------------------------------------------------------------------------+
; Analysis & Synthesis Settings                                                                                        ;
+----------------------------------------------------------------------------+--------------------+--------------------+
; Option                                                                     ; Setting            ; Default Value      ;
+----------------------------------------------------------------------------+--------------------+--------------------+
; Top-level entity name                                                      ; CRC_Checker_STD    ; CRC_Decoder        ;
; Family name                                                                ; Cyclone IV GX      ; Cyclone V          ;
; Use smart compilation                                                      ; Off                ; Off                ;
; Enable parallel Assembler and TimeQuest Timing Analyzer during compilation ; On                 ; On                 ;
; Enable compact report table                                                ; Off                ; Off                ;
; Restructure Multiplexers                                                   ; Auto               ; Auto               ;
; Create Debugging Nodes for IP Cores                                        ; Off                ; Off                ;
; Preserve fewer node names                                                  ; On                 ; On                 ;
; Intel FPGA IP Evaluation Mode                                              ; Enable             ; Enable             ;
; Verilog Version                                                            ; Verilog_2001       ; Verilog_2001       ;
; VHDL Version                                                               ; VHDL_1993          ; VHDL_1993          ;
; State Machine Processing                                                   ; Auto               ; Auto               ;
; Safe State Machine                                                         ; Off                ; Off                ;
; Extract Verilog State Machines                                             ; On                 ; On                 ;
; Extract VHDL State Machines                                                ; On                 ; On                 ;
; Ignore Verilog initial constructs                                          ; Off                ; Off                ;
; Iteration limit for constant Verilog loops                                 ; 5000               ; 5000               ;
; Iteration limit for non-constant Verilog loops                             ; 250                ; 250                ;
; Add Pass-Through Logic to Inferred RAMs                                    ; On                 ; On                 ;
; Infer RAMs from Raw Logic                                                  ; On                 ; On                 ;
; Parallel Synthesis                                                         ; On                 ; On                 ;
; DSP Block Balancing                                                        ; Auto               ; Auto               ;
; NOT Gate Push-Back                                                         ; On                 ; On                 ;
; Power-Up Don't Care                                                        ; On                 ; On                 ;
; Remove Redundant Logic Cells                                               ; Off                ; Off                ;
; Remove Duplicate Registers                                                 ; On                 ; On                 ;
; Ignore CARRY Buffers                                                       ; Off                ; Off                ;
; Ignore CASCADE Buffers                                                     ; Off                ; Off                ;
; Ignore GLOBAL Buffers                                                      ; Off                ; Off                ;
; Ignore ROW GLOBAL Buffers                                                  ; Off                ; Off                ;
; Ignore LCELL Buffers                                                       ; Off                ; Off                ;
; Ignore SOFT Buffers                                                        ; On                 ; On                 ;
; Limit AHDL Integers to 32 Bits                                             ; Off                ; Off                ;
; Optimization Technique                                                     ; Balanced           ; Balanced           ;
; Carry Chain Length                                                         ; 70                 ; 70                 ;
; Auto Carry Chains                                                          ; On                 ; On                 ;
; Auto Open-Drain Pins                                                       ; On                 ; On                 ;
; Perform WYSIWYG Primitive Resynthesis                                      ; Off                ; Off                ;
; Auto ROM Replacement                                                       ; On                 ; On                 ;
; Auto RAM Replacement                                                       ; On                 ; On                 ;
; Auto DSP Block Replacement                                                 ; On                 ; On                 ;
; Auto Shift Register Replacement                                            ; Auto               ; Auto               ;
; Allow Shift Register Merging across Hierarchies                            ; Auto               ; Auto               ;
; Auto Clock Enable Replacement                                              ; On                 ; On                 ;
; Strict RAM Replacement                                                     ; Off                ; Off                ;
; Allow Synchronous Control Signals                                          ; On                 ; On                 ;
; Force Use of Synchronous Clear Signals                                     ; Off                ; Off                ;
; Auto RAM Block Balancing                                                   ; On                 ; On                 ;
; Auto RAM to Logic Cell Conversion                                          ; Off                ; Off                ;
; Auto Resource Sharing                                                      ; Off                ; Off                ;
; Allow Any RAM Size For Recognition                                         ; Off                ; Off                ;
; Allow Any ROM Size For Recognition                                         ; Off                ; Off                ;
; Allow Any Shift Register Size For Recognition                              ; Off                ; Off                ;
; Use LogicLock Constraints during Resource Balancing                        ; On                 ; On                 ;
; Ignore translate_off and synthesis_off directives                          ; Off                ; Off                ;
; Timing-Driven Synthesis                                                    ; On                 ; On                 ;
; Report Parameter Settings                                                  ; On                 ; On                 ;
; Report Source Assignments                                                  ; On                 ; On                 ;
; Report Connectivity Checks                                                 ; On                 ; On                 ;
; Ignore Maximum Fan-Out Assignments                                         ; Off                ; Off                ;
; Synchronization Register Chain Length                                      ; 2                  ; 2                  ;
; Power Optimization During Synthesis                                        ; Normal compilation ; Normal compilation ;
; HDL message level                                                          ; Level2             ; Level2             ;
; Suppress Register Optimization Related Messages                            ; Off                ; Off                ;
; Number of Removed Registers Reported in Synthesis Report                   ; 5000               ; 5000               ;
; Number of Swept Nodes Reported in Synthesis Report                         ; 5000               ; 5000               ;
; Number of Inverted Registers Reported in Synthesis Report                  ; 100                ; 100                ;
; Clock MUX Protection                                                       ; On                 ; On                 ;
; Auto Gated Clock Conversion                                                ; Off                ; Off                ;
; Block Design Naming                                                        ; Auto               ; Auto               ;
; SDC constraint protection                                                  ; Off                ; Off                ;
; Synthesis Effort                                                           ; Auto               ; Auto               ;
; Shift Register Replacement - Allow Asynchronous Clear Signal               ; On                 ; On                 ;
; Pre-Mapping Resynthesis Optimization                                       ; Off                ; Off                ;
; Analysis & Synthesis Message Level                                         ; Medium             ; Medium             ;
; Disable Register Merging Across Hierarchies                                ; Auto               ; Auto               ;
; Resource Aware Inference For Block RAM                                     ; On                 ; On                 ;
+----------------------------------------------------------------------------+--------------------+--------------------+


+------------------------------------------+
; Parallel Compilation                     ;
+----------------------------+-------------+
; Processors                 ; Number      ;
+----------------------------+-------------+
; Number detected on machine ; 4           ;
; Maximum allowed            ; 2           ;
;                            ;             ;
; Average used               ; 1.00        ;
; Maximum used               ; 1           ;
;                            ;             ;
; Usage by Processor         ; % Time Used ;
;     Processor 1            ; 100.0%      ;
+----------------------------+-------------+


+-----------------------------------------------------------------------------------------------------------------------------------------------------------------------------------+
; Analysis & Synthesis Source Files Read                                                                                                                                            ;
+----------------------------------+-----------------+-----------------------+--------------------------------------------------------------------------------------------+---------+
; File Name with User-Entered Path ; Used in Netlist ; File Type             ; File Name with Absolute Path                                                               ; Library ;
+----------------------------------+-----------------+-----------------------+--------------------------------------------------------------------------------------------+---------+
; CRC_Checker.vhd                  ; yes             ; User VHDL File        ; C:/Users/Martim/Desktop/Uni/4_ano_1_semestre/ACA/Projeto 1/CRC_Checker/CRC_Checker.vhd     ;         ;
; CRC_Checker_STD.vhd              ; yes             ; User VHDL File        ; C:/Users/Martim/Desktop/Uni/4_ano_1_semestre/ACA/Projeto 1/CRC_Checker/CRC_Checker_STD.vhd ;         ;
; CRC_Encoder.vhd                  ; yes             ; User VHDL File        ; C:/Users/Martim/Desktop/Uni/4_ano_1_semestre/ACA/Projeto 1/CRC_Checker/CRC_Encoder.vhd     ;         ;
; exor.vhd                         ; yes             ; Auto-Found VHDL File  ; C:/Users/Martim/Desktop/Uni/4_ano_1_semestre/ACA/Projeto 1/CRC_Checker/exor.vhd            ;         ;
+----------------------------------+-----------------+-----------------------+--------------------------------------------------------------------------------------------+---------+


+---------------------------------------------+
; Analysis & Synthesis Resource Usage Summary ;
+--------------------------+------------------+
; Resource                 ; Usage            ;
+--------------------------+------------------+
; I/O pins                 ; 33               ;
;                          ;                  ;
; DSP block 9-bit elements ; 0                ;
;                          ;                  ;
; Maximum fan-out node     ; dIN[17]~input    ;
; Maximum fan-out          ; 4                ;
; Total fan-out            ; 120              ;
; Average fan-out          ; 1.36             ;
+--------------------------+------------------+


+-----------------------------------------------------------------------------------------------------------------------------------------------------------------------------------------------------------------------------------------------------------------------------------------+
; Analysis & Synthesis Resource Utilization by Entity                                                                                                                                                                                                                                     ;
+---------------------------------+---------------------+---------------------------+-------------+--------------+---------+-----------+-----------+------+--------------+-------------------------------------------------------------------------------+-----------------+--------------+
; Compilation Hierarchy Node      ; Combinational ALUTs ; Dedicated Logic Registers ; Memory Bits ; DSP Elements ; DSP 9x9 ; DSP 18x18 ; DSP 36x36 ; Pins ; Virtual Pins ; Full Hierarchy Name                                                           ; Entity Name     ; Library Name ;
+---------------------------------+---------------------+---------------------------+-------------+--------------+---------+-----------+-----------+------+--------------+-------------------------------------------------------------------------------+-----------------+--------------+
; |CRC_Checker_STD                ; 22 (0)              ; 0 (0)                     ; 0           ; 0            ; 0       ; 0         ; 0         ; 33   ; 0            ; |CRC_Checker_STD                                                              ; CRC_Checker_STD ; work         ;
;    |CRC_Checker:crc_e|          ; 22 (2)              ; 0 (0)                     ; 0           ; 0            ; 0       ; 0         ; 0         ; 0    ; 0            ; |CRC_Checker_STD|CRC_Checker:crc_e                                            ; CRC_Checker     ; work         ;
;       |CRC_ENCODER:crc_16to8|   ; 4 (0)               ; 0 (0)                     ; 0           ; 0            ; 0       ; 0         ; 0         ; 0    ; 0            ; |CRC_Checker_STD|CRC_Checker:crc_e|CRC_ENCODER:crc_16to8                      ; CRC_ENCODER     ; work         ;
;          |exor:compos1819_2023| ; 1 (1)               ; 0 (0)                     ; 0           ; 0            ; 0       ; 0         ; 0         ; 0    ; 0            ; |CRC_Checker_STD|CRC_Checker:crc_e|CRC_ENCODER:crc_16to8|exor:compos1819_2023 ; exor            ; work         ;
;          |exor:d_11_13|         ; 1 (1)               ; 0 (0)                     ; 0           ; 0            ; 0       ; 0         ; 0         ; 0    ; 0            ; |CRC_Checker_STD|CRC_Checker:crc_e|CRC_ENCODER:crc_16to8|exor:d_11_13         ; exor            ; work         ;
;          |exor:d_16_17|         ; 1 (1)               ; 0 (0)                     ; 0           ; 0            ; 0       ; 0         ; 0         ; 0    ; 0            ; |CRC_Checker_STD|CRC_Checker:crc_e|CRC_ENCODER:crc_16to8|exor:d_16_17         ; exor            ; work         ;
;          |exor:d_8_12|          ; 1 (1)               ; 0 (0)                     ; 0           ; 0            ; 0       ; 0         ; 0         ; 0    ; 0            ; |CRC_Checker_STD|CRC_Checker:crc_e|CRC_ENCODER:crc_16to8|exor:d_8_12          ; exor            ; work         ;
;       |exor:crc_error_0|        ; 2 (2)               ; 0 (0)                     ; 0           ; 0            ; 0       ; 0         ; 0         ; 0    ; 0            ; |CRC_Checker_STD|CRC_Checker:crc_e|exor:crc_error_0                           ; exor            ; work         ;
;       |exor:crc_error_1|        ; 3 (3)               ; 0 (0)                     ; 0           ; 0            ; 0       ; 0         ; 0         ; 0    ; 0            ; |CRC_Checker_STD|CRC_Checker:crc_e|exor:crc_error_1                           ; exor            ; work         ;
;       |exor:crc_error_2|        ; 2 (2)               ; 0 (0)                     ; 0           ; 0            ; 0       ; 0         ; 0         ; 0    ; 0            ; |CRC_Checker_STD|CRC_Checker:crc_e|exor:crc_error_2                           ; exor            ; work         ;
;       |exor:crc_error_3|        ; 2 (2)               ; 0 (0)                     ; 0           ; 0            ; 0       ; 0         ; 0         ; 0    ; 0            ; |CRC_Checker_STD|CRC_Checker:crc_e|exor:crc_error_3                           ; exor            ; work         ;
;       |exor:crc_error_4|        ; 2 (2)               ; 0 (0)                     ; 0           ; 0            ; 0       ; 0         ; 0         ; 0    ; 0            ; |CRC_Checker_STD|CRC_Checker:crc_e|exor:crc_error_4                           ; exor            ; work         ;
;       |exor:crc_error_5|        ; 3 (3)               ; 0 (0)                     ; 0           ; 0            ; 0       ; 0         ; 0         ; 0    ; 0            ; |CRC_Checker_STD|CRC_Checker:crc_e|exor:crc_error_5                           ; exor            ; work         ;
;       |exor:crc_error_6|        ; 2 (2)               ; 0 (0)                     ; 0           ; 0            ; 0       ; 0         ; 0         ; 0    ; 0            ; |CRC_Checker_STD|CRC_Checker:crc_e|exor:crc_error_6                           ; exor            ; work         ;
+---------------------------------+---------------------+---------------------------+-------------+--------------+---------+-----------+-----------+------+--------------+-------------------------------------------------------------------------------+-----------------+--------------+
Note: For table entries with two numbers listed, the numbers in parentheses indicate the number of resources of the given type used by the specific entity alone. The numbers listed outside of parentheses indicate the total resources of the given type used by the specific entity and all of its sub-entities in the hierarchy.


+------------------------------------------------------+
; General Register Statistics                          ;
+----------------------------------------------+-------+
; Statistic                                    ; Value ;
+----------------------------------------------+-------+
; Total registers                              ; 0     ;
; Number of registers using Synchronous Clear  ; 0     ;
; Number of registers using Synchronous Load   ; 0     ;
; Number of registers using Asynchronous Clear ; 0     ;
; Number of registers using Asynchronous Load  ; 0     ;
; Number of registers using Clock Enable       ; 0     ;
; Number of registers using Preset             ; 0     ;
+----------------------------------------------+-------+


+----------------------------------------------------------------------------------------------------------------+
; Port Connectivity Checks: "CRC_Checker:crc_e|CRC_ENCODER:crc_16to8|exor:x7"                                    ;
+------+--------+----------+-------------------------------------------------------------------------------------+
; Port ; Type   ; Severity ; Details                                                                             ;
+------+--------+----------+-------------------------------------------------------------------------------------+
; y    ; Output ; Info     ; Connected to dangling logic. Logic that only feeds a dangling port will be removed. ;
+------+--------+----------+-------------------------------------------------------------------------------------+


+-----------------------------------------------------+
; Post-Synthesis Netlist Statistics for Top Partition ;
+-----------------------+-----------------------------+
; Type                  ; Count                       ;
+-----------------------+-----------------------------+
; boundary_port         ; 33                          ;
; cycloneiii_lcell_comb ; 23                          ;
;     normal            ; 23                          ;
;         0 data inputs ; 1                           ;
;         2 data inputs ; 3                           ;
;         3 data inputs ; 3                           ;
;         4 data inputs ; 16                          ;
;                       ;                             ;
; Max LUT depth         ; 4.00                        ;
; Average LUT depth     ; 3.70                        ;
+-----------------------+-----------------------------+


+-------------------------------+
; Elapsed Time Per Partition    ;
+----------------+--------------+
; Partition Name ; Elapsed Time ;
+----------------+--------------+
; Top            ; 00:00:00     ;
+----------------+--------------+


+-------------------------------+
; Analysis & Synthesis Messages ;
+-------------------------------+
Info: *******************************************************************
Info: Running Quartus Prime Analysis & Synthesis
    Info: Version 17.1.0 Build 590 10/25/2017 SJ Lite Edition
    Info: Processing started: Wed Dec 09 01:23:18 2020
Info: Command: quartus_map --read_settings_files=on --write_settings_files=off CRC_Decoder -c CRC_Decoder
Warning (18236): Number of processors has not been specified which may cause overloading on shared machines.  Set the global assignment NUM_PARALLEL_PROCESSORS in your QSF to an appropriate value for best performance.
Info (20030): Parallel compilation is enabled and will use 2 of the 2 processors detected
Info (12021): Found 2 design units, including 1 entities, in source file crc_checker.vhd
    Info (12022): Found design unit 1: CRC_Checker-Structure File: C:/Users/Martim/Desktop/Uni/4_ano_1_semestre/ACA/Projeto 1/CRC_Checker/CRC_Checker.vhd Line: 24
    Info (12023): Found entity 1: CRC_Checker File: C:/Users/Martim/Desktop/Uni/4_ano_1_semestre/ACA/Projeto 1/CRC_Checker/CRC_Checker.vhd Line: 8
Info (12021): Found 2 design units, including 1 entities, in source file crc_checker_std.vhd
    Info (12022): Found design unit 1: CRC_Checker_STD-Structure File: C:/Users/Martim/Desktop/Uni/4_ano_1_semestre/ACA/Projeto 1/CRC_Checker/CRC_Checker_STD.vhd Line: 17
    Info (12023): Found entity 1: CRC_Checker_STD File: C:/Users/Martim/Desktop/Uni/4_ano_1_semestre/ACA/Projeto 1/CRC_Checker/CRC_Checker_STD.vhd Line: 8
Info (12021): Found 2 design units, including 1 entities, in source file crc_encoder.vhd
    Info (12022): Found design unit 1: CRC_ENCODER-Structural File: C:/Users/Martim/Desktop/Uni/4_ano_1_semestre/ACA/Projeto 1/CRC_Checker/CRC_Encoder.vhd Line: 16
    Info (12023): Found entity 1: CRC_ENCODER File: C:/Users/Martim/Desktop/Uni/4_ano_1_semestre/ACA/Projeto 1/CRC_Checker/CRC_Encoder.vhd Line: 6
Warning (12019): Can't analyze file -- file exor.vhdl is missing
Info (12127): Elaborating entity "CRC_Checker_STD" for the top level hierarchy
Info (12128): Elaborating entity "CRC_Checker" for hierarchy "CRC_Checker:crc_e" File: C:/Users/Martim/Desktop/Uni/4_ano_1_semestre/ACA/Projeto 1/CRC_Checker/CRC_Checker_STD.vhd Line: 36
Info (12128): Elaborating entity "CRC_ENCODER" for hierarchy "CRC_Checker:crc_e|CRC_ENCODER:crc_16to8" File: C:/Users/Martim/Desktop/Uni/4_ano_1_semestre/ACA/Projeto 1/CRC_Checker/CRC_Checker.vhd Line: 45
Warning (10541): VHDL Signal Declaration warning at CRC_Encoder.vhd(12): used implicit default value for signal "CRC_7" because signal was never assigned a value or an explicit default value. Use of implicit default value may introduce unintended design optimizations. File: C:/Users/Martim/Desktop/Uni/4_ano_1_semestre/ACA/Projeto 1/CRC_Checker/CRC_Encoder.vhd Line: 12
Warning (12125): Using design file exor.vhd, which is not specified as a design file for the current project, but contains definitions for 2 design units and 1 entities in project
    Info (12022): Found design unit 1: exor-logicFUNCTION File: C:/Users/Martim/Desktop/Uni/4_ano_1_semestre/ACA/Projeto 1/CRC_Checker/exor.vhd Line: 10
    Info (12023): Found entity 1: exor File: C:/Users/Martim/Desktop/Uni/4_ano_1_semestre/ACA/Projeto 1/CRC_Checker/exor.vhd Line: 3
Info (12128): Elaborating entity "exor" for hierarchy "CRC_Checker:crc_e|CRC_ENCODER:crc_16to8|exor:d_16_17" File: C:/Users/Martim/Desktop/Uni/4_ano_1_semestre/ACA/Projeto 1/CRC_Checker/CRC_Encoder.vhd Line: 33
Warning (13024): Output pins are stuck at VCC or GND
    Warning (13410): Pin "CRC_err[7]" is stuck at GND File: C:/Users/Martim/Desktop/Uni/4_ano_1_semestre/ACA/Projeto 1/CRC_Checker/CRC_Checker_STD.vhd Line: 11
Info (286030): Timing-Driven Synthesis is running
Info (16010): Generating hard_block partition "hard_block:auto_generated_inst"
    Info (16011): Adding 0 node(s), including 0 DDIO, 0 PLL, 0 transceiver and 0 LCELL
Warning (21074): Design contains 1 input pin(s) that do not drive logic
    Warning (15610): No output dependent on input pin "dIN[7]" File: C:/Users/Martim/Desktop/Uni/4_ano_1_semestre/ACA/Projeto 1/CRC_Checker/CRC_Checker_STD.vhd Line: 10
Info (21057): Implemented 55 device resources after synthesis - the final resource count might be different
    Info (21058): Implemented 24 input pins
    Info (21059): Implemented 9 output pins
    Info (21061): Implemented 22 logic cells
Info: Quartus Prime Analysis & Synthesis was successful. 0 errors, 8 warnings
    Info: Peak virtual memory: 4857 megabytes
    Info: Processing ended: Wed Dec 09 01:23:34 2020
    Info: Elapsed time: 00:00:16
    Info: Total CPU time (on all processors): 00:00:33


