
*** Running vivado
    with args -log wrapper_4.vds -m64 -product Vivado -mode batch -messageDb vivado.pb -notrace -source wrapper_4.tcl



****** Vivado v2020.2 (64-bit)
  **** SW Build 3064766 on Wed Nov 18 09:12:45 MST 2020
  **** IP Build 3064653 on Wed Nov 18 14:17:31 MST 2020
    ** Copyright 1986-2020 Xilinx, Inc. All Rights Reserved.

source wrapper_4.tcl -notrace
Command: synth_design -top wrapper_4 -part xc7a100tcsg324-1
Starting synth_design
Attempting to get a license for feature 'Synthesis' and/or device 'xc7a100t'
INFO: [Common 17-349] Got license for feature 'Synthesis' and/or device 'xc7a100t'
INFO: [Device 21-403] Loading part xc7a100tcsg324-1
INFO: [Synth 8-7079] Multithreading enabled for synth_design using a maximum of 2 processes.
INFO: [Synth 8-7078] Launching helper process for spawning children vivado processes
INFO: [Synth 8-7075] Helper process launched with PID 5428
---------------------------------------------------------------------------------
Starting RTL Elaboration : Time (s): cpu = 00:00:07 ; elapsed = 00:00:11 . Memory (MB): peak = 999.719 ; gain = 0.000
---------------------------------------------------------------------------------
INFO: [Synth 8-638] synthesizing module 'wrapper_4' [C:/Users/marti/Desktop/Uni/5 ano/2 semestre/CR/guiao 2/exe2/exe2.srcs/sources_1/new/wrapper_4.vhd:15]
INFO: [Synth 8-638] synthesizing module 'counter4_updown' [C:/Users/marti/Desktop/Uni/5 ano/2 semestre/CR/guiao 2/exe2/exe2.srcs/sources_1/new/counter4_updown.vhd:14]
INFO: [Synth 8-256] done synthesizing module 'counter4_updown' (1#1) [C:/Users/marti/Desktop/Uni/5 ano/2 semestre/CR/guiao 2/exe2/exe2.srcs/sources_1/new/counter4_updown.vhd:14]
INFO: [Synth 8-638] synthesizing module 'divisor1Hz' [C:/Users/marti/Desktop/Uni/5 ano/2 semestre/CR/guiao 2/exe2/exe2.srcs/sources_1/new/divisor1Hz.vhd:12]
	Parameter MAX bound to: 50000000 - type: integer 
INFO: [Synth 8-256] done synthesizing module 'divisor1Hz' (2#1) [C:/Users/marti/Desktop/Uni/5 ano/2 semestre/CR/guiao 2/exe2/exe2.srcs/sources_1/new/divisor1Hz.vhd:12]
INFO: [Synth 8-638] synthesizing module 'divisor1Hz__parameterized0' [C:/Users/marti/Desktop/Uni/5 ano/2 semestre/CR/guiao 2/exe2/exe2.srcs/sources_1/new/divisor1Hz.vhd:12]
	Parameter MAX bound to: 100000000 - type: integer 
INFO: [Synth 8-256] done synthesizing module 'divisor1Hz__parameterized0' (2#1) [C:/Users/marti/Desktop/Uni/5 ano/2 semestre/CR/guiao 2/exe2/exe2.srcs/sources_1/new/divisor1Hz.vhd:12]
INFO: [Synth 8-638] synthesizing module 'Hex2Seg' [C:/Users/marti/Desktop/Uni/5 ano/2 semestre/CR/guiao 2/exe2/exe2.srcs/sources_1/new/Hex2Seg.vhd:11]
INFO: [Synth 8-256] done synthesizing module 'Hex2Seg' (3#1) [C:/Users/marti/Desktop/Uni/5 ano/2 semestre/CR/guiao 2/exe2/exe2.srcs/sources_1/new/Hex2Seg.vhd:11]
INFO: [Synth 8-638] synthesizing module 'DebounceUnit' [C:/Users/marti/Desktop/Uni/5 ano/2 semestre/CR/guiao 2/exe2/exe2.srcs/sources_1/new/DebounceUnit.vhd:15]
	Parameter kHzClkFreq bound to: 100000 - type: integer 
	Parameter mSecMinInWidth bound to: 100 - type: integer 
	Parameter inPolarity bound to: 1'b0 
	Parameter outPolarity bound to: 1'b1 
INFO: [Synth 8-256] done synthesizing module 'DebounceUnit' (4#1) [C:/Users/marti/Desktop/Uni/5 ano/2 semestre/CR/guiao 2/exe2/exe2.srcs/sources_1/new/DebounceUnit.vhd:15]
INFO: [Synth 8-256] done synthesizing module 'wrapper_4' (5#1) [C:/Users/marti/Desktop/Uni/5 ano/2 semestre/CR/guiao 2/exe2/exe2.srcs/sources_1/new/wrapper_4.vhd:15]
---------------------------------------------------------------------------------
Finished RTL Elaboration : Time (s): cpu = 00:00:08 ; elapsed = 00:00:13 . Memory (MB): peak = 999.719 ; gain = 0.000
---------------------------------------------------------------------------------
---------------------------------------------------------------------------------
Start Handling Custom Attributes
---------------------------------------------------------------------------------
---------------------------------------------------------------------------------
Finished Handling Custom Attributes : Time (s): cpu = 00:00:09 ; elapsed = 00:00:14 . Memory (MB): peak = 999.719 ; gain = 0.000
---------------------------------------------------------------------------------
---------------------------------------------------------------------------------
Finished RTL Optimization Phase 1 : Time (s): cpu = 00:00:09 ; elapsed = 00:00:14 . Memory (MB): peak = 999.719 ; gain = 0.000
---------------------------------------------------------------------------------
Netlist sorting complete. Time (s): cpu = 00:00:00 ; elapsed = 00:00:00.015 . Memory (MB): peak = 999.719 ; gain = 0.000
INFO: [Project 1-570] Preparing netlist for logic optimization

Processing XDC Constraints
Initializing timing engine
Parsing XDC File [C:/Users/marti/Desktop/Uni/5 ano/2 semestre/CR/guiao 2/exe2/exe2.srcs/constrs_1/imports/guiao 1/Nexys4_Master.xdc]
WARNING: [Vivado 12-584] No ports matched 'sw[0]'. [C:/Users/marti/Desktop/Uni/5 ano/2 semestre/CR/guiao 2/exe2/exe2.srcs/constrs_1/imports/guiao 1/Nexys4_Master.xdc:20]
CRITICAL WARNING: [Common 17-55] 'set_property' expects at least one object. [C:/Users/marti/Desktop/Uni/5 ano/2 semestre/CR/guiao 2/exe2/exe2.srcs/constrs_1/imports/guiao 1/Nexys4_Master.xdc:20]
Resolution: If [get_<value>] was used to populate the object, check to make sure this command returns at least one valid object.
WARNING: [Vivado 12-584] No ports matched 'sw[0]'. [C:/Users/marti/Desktop/Uni/5 ano/2 semestre/CR/guiao 2/exe2/exe2.srcs/constrs_1/imports/guiao 1/Nexys4_Master.xdc:21]
CRITICAL WARNING: [Common 17-55] 'set_property' expects at least one object. [C:/Users/marti/Desktop/Uni/5 ano/2 semestre/CR/guiao 2/exe2/exe2.srcs/constrs_1/imports/guiao 1/Nexys4_Master.xdc:21]
Resolution: If [get_<value>] was used to populate the object, check to make sure this command returns at least one valid object.
WARNING: [Vivado 12-584] No ports matched 'sw[1]'. [C:/Users/marti/Desktop/Uni/5 ano/2 semestre/CR/guiao 2/exe2/exe2.srcs/constrs_1/imports/guiao 1/Nexys4_Master.xdc:23]
CRITICAL WARNING: [Common 17-55] 'set_property' expects at least one object. [C:/Users/marti/Desktop/Uni/5 ano/2 semestre/CR/guiao 2/exe2/exe2.srcs/constrs_1/imports/guiao 1/Nexys4_Master.xdc:23]
Resolution: If [get_<value>] was used to populate the object, check to make sure this command returns at least one valid object.
WARNING: [Vivado 12-584] No ports matched 'sw[1]'. [C:/Users/marti/Desktop/Uni/5 ano/2 semestre/CR/guiao 2/exe2/exe2.srcs/constrs_1/imports/guiao 1/Nexys4_Master.xdc:24]
CRITICAL WARNING: [Common 17-55] 'set_property' expects at least one object. [C:/Users/marti/Desktop/Uni/5 ano/2 semestre/CR/guiao 2/exe2/exe2.srcs/constrs_1/imports/guiao 1/Nexys4_Master.xdc:24]
Resolution: If [get_<value>] was used to populate the object, check to make sure this command returns at least one valid object.
WARNING: [Vivado 12-584] No ports matched 'sw[2]'. [C:/Users/marti/Desktop/Uni/5 ano/2 semestre/CR/guiao 2/exe2/exe2.srcs/constrs_1/imports/guiao 1/Nexys4_Master.xdc:26]
CRITICAL WARNING: [Common 17-55] 'set_property' expects at least one object. [C:/Users/marti/Desktop/Uni/5 ano/2 semestre/CR/guiao 2/exe2/exe2.srcs/constrs_1/imports/guiao 1/Nexys4_Master.xdc:26]
Resolution: If [get_<value>] was used to populate the object, check to make sure this command returns at least one valid object.
WARNING: [Vivado 12-584] No ports matched 'sw[2]'. [C:/Users/marti/Desktop/Uni/5 ano/2 semestre/CR/guiao 2/exe2/exe2.srcs/constrs_1/imports/guiao 1/Nexys4_Master.xdc:27]
CRITICAL WARNING: [Common 17-55] 'set_property' expects at least one object. [C:/Users/marti/Desktop/Uni/5 ano/2 semestre/CR/guiao 2/exe2/exe2.srcs/constrs_1/imports/guiao 1/Nexys4_Master.xdc:27]
Resolution: If [get_<value>] was used to populate the object, check to make sure this command returns at least one valid object.
WARNING: [Vivado 12-584] No ports matched 'sw[3]'. [C:/Users/marti/Desktop/Uni/5 ano/2 semestre/CR/guiao 2/exe2/exe2.srcs/constrs_1/imports/guiao 1/Nexys4_Master.xdc:29]
CRITICAL WARNING: [Common 17-55] 'set_property' expects at least one object. [C:/Users/marti/Desktop/Uni/5 ano/2 semestre/CR/guiao 2/exe2/exe2.srcs/constrs_1/imports/guiao 1/Nexys4_Master.xdc:29]
Resolution: If [get_<value>] was used to populate the object, check to make sure this command returns at least one valid object.
WARNING: [Vivado 12-584] No ports matched 'sw[3]'. [C:/Users/marti/Desktop/Uni/5 ano/2 semestre/CR/guiao 2/exe2/exe2.srcs/constrs_1/imports/guiao 1/Nexys4_Master.xdc:30]
CRITICAL WARNING: [Common 17-55] 'set_property' expects at least one object. [C:/Users/marti/Desktop/Uni/5 ano/2 semestre/CR/guiao 2/exe2/exe2.srcs/constrs_1/imports/guiao 1/Nexys4_Master.xdc:30]
Resolution: If [get_<value>] was used to populate the object, check to make sure this command returns at least one valid object.
WARNING: [Vivado 12-584] No ports matched 'sw[4]'. [C:/Users/marti/Desktop/Uni/5 ano/2 semestre/CR/guiao 2/exe2/exe2.srcs/constrs_1/imports/guiao 1/Nexys4_Master.xdc:32]
CRITICAL WARNING: [Common 17-55] 'set_property' expects at least one object. [C:/Users/marti/Desktop/Uni/5 ano/2 semestre/CR/guiao 2/exe2/exe2.srcs/constrs_1/imports/guiao 1/Nexys4_Master.xdc:32]
Resolution: If [get_<value>] was used to populate the object, check to make sure this command returns at least one valid object.
WARNING: [Vivado 12-584] No ports matched 'sw[4]'. [C:/Users/marti/Desktop/Uni/5 ano/2 semestre/CR/guiao 2/exe2/exe2.srcs/constrs_1/imports/guiao 1/Nexys4_Master.xdc:33]
CRITICAL WARNING: [Common 17-55] 'set_property' expects at least one object. [C:/Users/marti/Desktop/Uni/5 ano/2 semestre/CR/guiao 2/exe2/exe2.srcs/constrs_1/imports/guiao 1/Nexys4_Master.xdc:33]
Resolution: If [get_<value>] was used to populate the object, check to make sure this command returns at least one valid object.
WARNING: [Vivado 12-584] No ports matched 'sw[5]'. [C:/Users/marti/Desktop/Uni/5 ano/2 semestre/CR/guiao 2/exe2/exe2.srcs/constrs_1/imports/guiao 1/Nexys4_Master.xdc:35]
CRITICAL WARNING: [Common 17-55] 'set_property' expects at least one object. [C:/Users/marti/Desktop/Uni/5 ano/2 semestre/CR/guiao 2/exe2/exe2.srcs/constrs_1/imports/guiao 1/Nexys4_Master.xdc:35]
Resolution: If [get_<value>] was used to populate the object, check to make sure this command returns at least one valid object.
WARNING: [Vivado 12-584] No ports matched 'sw[5]'. [C:/Users/marti/Desktop/Uni/5 ano/2 semestre/CR/guiao 2/exe2/exe2.srcs/constrs_1/imports/guiao 1/Nexys4_Master.xdc:36]
CRITICAL WARNING: [Common 17-55] 'set_property' expects at least one object. [C:/Users/marti/Desktop/Uni/5 ano/2 semestre/CR/guiao 2/exe2/exe2.srcs/constrs_1/imports/guiao 1/Nexys4_Master.xdc:36]
Resolution: If [get_<value>] was used to populate the object, check to make sure this command returns at least one valid object.
WARNING: [Vivado 12-584] No ports matched 'sw[6]'. [C:/Users/marti/Desktop/Uni/5 ano/2 semestre/CR/guiao 2/exe2/exe2.srcs/constrs_1/imports/guiao 1/Nexys4_Master.xdc:38]
CRITICAL WARNING: [Common 17-55] 'set_property' expects at least one object. [C:/Users/marti/Desktop/Uni/5 ano/2 semestre/CR/guiao 2/exe2/exe2.srcs/constrs_1/imports/guiao 1/Nexys4_Master.xdc:38]
Resolution: If [get_<value>] was used to populate the object, check to make sure this command returns at least one valid object.
WARNING: [Vivado 12-584] No ports matched 'sw[6]'. [C:/Users/marti/Desktop/Uni/5 ano/2 semestre/CR/guiao 2/exe2/exe2.srcs/constrs_1/imports/guiao 1/Nexys4_Master.xdc:39]
CRITICAL WARNING: [Common 17-55] 'set_property' expects at least one object. [C:/Users/marti/Desktop/Uni/5 ano/2 semestre/CR/guiao 2/exe2/exe2.srcs/constrs_1/imports/guiao 1/Nexys4_Master.xdc:39]
Resolution: If [get_<value>] was used to populate the object, check to make sure this command returns at least one valid object.
WARNING: [Vivado 12-584] No ports matched 'sw[7]'. [C:/Users/marti/Desktop/Uni/5 ano/2 semestre/CR/guiao 2/exe2/exe2.srcs/constrs_1/imports/guiao 1/Nexys4_Master.xdc:41]
CRITICAL WARNING: [Common 17-55] 'set_property' expects at least one object. [C:/Users/marti/Desktop/Uni/5 ano/2 semestre/CR/guiao 2/exe2/exe2.srcs/constrs_1/imports/guiao 1/Nexys4_Master.xdc:41]
Resolution: If [get_<value>] was used to populate the object, check to make sure this command returns at least one valid object.
WARNING: [Vivado 12-584] No ports matched 'sw[7]'. [C:/Users/marti/Desktop/Uni/5 ano/2 semestre/CR/guiao 2/exe2/exe2.srcs/constrs_1/imports/guiao 1/Nexys4_Master.xdc:42]
CRITICAL WARNING: [Common 17-55] 'set_property' expects at least one object. [C:/Users/marti/Desktop/Uni/5 ano/2 semestre/CR/guiao 2/exe2/exe2.srcs/constrs_1/imports/guiao 1/Nexys4_Master.xdc:42]
Resolution: If [get_<value>] was used to populate the object, check to make sure this command returns at least one valid object.
WARNING: [Vivado 12-584] No ports matched 'sw[8]'. [C:/Users/marti/Desktop/Uni/5 ano/2 semestre/CR/guiao 2/exe2/exe2.srcs/constrs_1/imports/guiao 1/Nexys4_Master.xdc:44]
CRITICAL WARNING: [Common 17-55] 'set_property' expects at least one object. [C:/Users/marti/Desktop/Uni/5 ano/2 semestre/CR/guiao 2/exe2/exe2.srcs/constrs_1/imports/guiao 1/Nexys4_Master.xdc:44]
Resolution: If [get_<value>] was used to populate the object, check to make sure this command returns at least one valid object.
WARNING: [Vivado 12-584] No ports matched 'sw[8]'. [C:/Users/marti/Desktop/Uni/5 ano/2 semestre/CR/guiao 2/exe2/exe2.srcs/constrs_1/imports/guiao 1/Nexys4_Master.xdc:45]
CRITICAL WARNING: [Common 17-55] 'set_property' expects at least one object. [C:/Users/marti/Desktop/Uni/5 ano/2 semestre/CR/guiao 2/exe2/exe2.srcs/constrs_1/imports/guiao 1/Nexys4_Master.xdc:45]
Resolution: If [get_<value>] was used to populate the object, check to make sure this command returns at least one valid object.
WARNING: [Vivado 12-584] No ports matched 'sw[9]'. [C:/Users/marti/Desktop/Uni/5 ano/2 semestre/CR/guiao 2/exe2/exe2.srcs/constrs_1/imports/guiao 1/Nexys4_Master.xdc:47]
CRITICAL WARNING: [Common 17-55] 'set_property' expects at least one object. [C:/Users/marti/Desktop/Uni/5 ano/2 semestre/CR/guiao 2/exe2/exe2.srcs/constrs_1/imports/guiao 1/Nexys4_Master.xdc:47]
Resolution: If [get_<value>] was used to populate the object, check to make sure this command returns at least one valid object.
WARNING: [Vivado 12-584] No ports matched 'sw[9]'. [C:/Users/marti/Desktop/Uni/5 ano/2 semestre/CR/guiao 2/exe2/exe2.srcs/constrs_1/imports/guiao 1/Nexys4_Master.xdc:48]
CRITICAL WARNING: [Common 17-55] 'set_property' expects at least one object. [C:/Users/marti/Desktop/Uni/5 ano/2 semestre/CR/guiao 2/exe2/exe2.srcs/constrs_1/imports/guiao 1/Nexys4_Master.xdc:48]
Resolution: If [get_<value>] was used to populate the object, check to make sure this command returns at least one valid object.
WARNING: [Vivado 12-584] No ports matched 'sw[10]'. [C:/Users/marti/Desktop/Uni/5 ano/2 semestre/CR/guiao 2/exe2/exe2.srcs/constrs_1/imports/guiao 1/Nexys4_Master.xdc:50]
CRITICAL WARNING: [Common 17-55] 'set_property' expects at least one object. [C:/Users/marti/Desktop/Uni/5 ano/2 semestre/CR/guiao 2/exe2/exe2.srcs/constrs_1/imports/guiao 1/Nexys4_Master.xdc:50]
Resolution: If [get_<value>] was used to populate the object, check to make sure this command returns at least one valid object.
WARNING: [Vivado 12-584] No ports matched 'sw[10]'. [C:/Users/marti/Desktop/Uni/5 ano/2 semestre/CR/guiao 2/exe2/exe2.srcs/constrs_1/imports/guiao 1/Nexys4_Master.xdc:51]
CRITICAL WARNING: [Common 17-55] 'set_property' expects at least one object. [C:/Users/marti/Desktop/Uni/5 ano/2 semestre/CR/guiao 2/exe2/exe2.srcs/constrs_1/imports/guiao 1/Nexys4_Master.xdc:51]
Resolution: If [get_<value>] was used to populate the object, check to make sure this command returns at least one valid object.
WARNING: [Vivado 12-584] No ports matched 'sw[11]'. [C:/Users/marti/Desktop/Uni/5 ano/2 semestre/CR/guiao 2/exe2/exe2.srcs/constrs_1/imports/guiao 1/Nexys4_Master.xdc:53]
CRITICAL WARNING: [Common 17-55] 'set_property' expects at least one object. [C:/Users/marti/Desktop/Uni/5 ano/2 semestre/CR/guiao 2/exe2/exe2.srcs/constrs_1/imports/guiao 1/Nexys4_Master.xdc:53]
Resolution: If [get_<value>] was used to populate the object, check to make sure this command returns at least one valid object.
WARNING: [Vivado 12-584] No ports matched 'sw[11]'. [C:/Users/marti/Desktop/Uni/5 ano/2 semestre/CR/guiao 2/exe2/exe2.srcs/constrs_1/imports/guiao 1/Nexys4_Master.xdc:54]
CRITICAL WARNING: [Common 17-55] 'set_property' expects at least one object. [C:/Users/marti/Desktop/Uni/5 ano/2 semestre/CR/guiao 2/exe2/exe2.srcs/constrs_1/imports/guiao 1/Nexys4_Master.xdc:54]
Resolution: If [get_<value>] was used to populate the object, check to make sure this command returns at least one valid object.
WARNING: [Vivado 12-584] No ports matched 'sw[12]'. [C:/Users/marti/Desktop/Uni/5 ano/2 semestre/CR/guiao 2/exe2/exe2.srcs/constrs_1/imports/guiao 1/Nexys4_Master.xdc:56]
CRITICAL WARNING: [Common 17-55] 'set_property' expects at least one object. [C:/Users/marti/Desktop/Uni/5 ano/2 semestre/CR/guiao 2/exe2/exe2.srcs/constrs_1/imports/guiao 1/Nexys4_Master.xdc:56]
Resolution: If [get_<value>] was used to populate the object, check to make sure this command returns at least one valid object.
WARNING: [Vivado 12-584] No ports matched 'sw[12]'. [C:/Users/marti/Desktop/Uni/5 ano/2 semestre/CR/guiao 2/exe2/exe2.srcs/constrs_1/imports/guiao 1/Nexys4_Master.xdc:57]
CRITICAL WARNING: [Common 17-55] 'set_property' expects at least one object. [C:/Users/marti/Desktop/Uni/5 ano/2 semestre/CR/guiao 2/exe2/exe2.srcs/constrs_1/imports/guiao 1/Nexys4_Master.xdc:57]
Resolution: If [get_<value>] was used to populate the object, check to make sure this command returns at least one valid object.
WARNING: [Vivado 12-584] No ports matched 'sw[13]'. [C:/Users/marti/Desktop/Uni/5 ano/2 semestre/CR/guiao 2/exe2/exe2.srcs/constrs_1/imports/guiao 1/Nexys4_Master.xdc:59]
CRITICAL WARNING: [Common 17-55] 'set_property' expects at least one object. [C:/Users/marti/Desktop/Uni/5 ano/2 semestre/CR/guiao 2/exe2/exe2.srcs/constrs_1/imports/guiao 1/Nexys4_Master.xdc:59]
Resolution: If [get_<value>] was used to populate the object, check to make sure this command returns at least one valid object.
WARNING: [Vivado 12-584] No ports matched 'sw[13]'. [C:/Users/marti/Desktop/Uni/5 ano/2 semestre/CR/guiao 2/exe2/exe2.srcs/constrs_1/imports/guiao 1/Nexys4_Master.xdc:60]
CRITICAL WARNING: [Common 17-55] 'set_property' expects at least one object. [C:/Users/marti/Desktop/Uni/5 ano/2 semestre/CR/guiao 2/exe2/exe2.srcs/constrs_1/imports/guiao 1/Nexys4_Master.xdc:60]
Resolution: If [get_<value>] was used to populate the object, check to make sure this command returns at least one valid object.
WARNING: [Vivado 12-584] No ports matched 'sw[14]'. [C:/Users/marti/Desktop/Uni/5 ano/2 semestre/CR/guiao 2/exe2/exe2.srcs/constrs_1/imports/guiao 1/Nexys4_Master.xdc:62]
CRITICAL WARNING: [Common 17-55] 'set_property' expects at least one object. [C:/Users/marti/Desktop/Uni/5 ano/2 semestre/CR/guiao 2/exe2/exe2.srcs/constrs_1/imports/guiao 1/Nexys4_Master.xdc:62]
Resolution: If [get_<value>] was used to populate the object, check to make sure this command returns at least one valid object.
WARNING: [Vivado 12-584] No ports matched 'sw[14]'. [C:/Users/marti/Desktop/Uni/5 ano/2 semestre/CR/guiao 2/exe2/exe2.srcs/constrs_1/imports/guiao 1/Nexys4_Master.xdc:63]
CRITICAL WARNING: [Common 17-55] 'set_property' expects at least one object. [C:/Users/marti/Desktop/Uni/5 ano/2 semestre/CR/guiao 2/exe2/exe2.srcs/constrs_1/imports/guiao 1/Nexys4_Master.xdc:63]
Resolution: If [get_<value>] was used to populate the object, check to make sure this command returns at least one valid object.
WARNING: [Vivado 12-584] No ports matched 'sw[15]'. [C:/Users/marti/Desktop/Uni/5 ano/2 semestre/CR/guiao 2/exe2/exe2.srcs/constrs_1/imports/guiao 1/Nexys4_Master.xdc:65]
CRITICAL WARNING: [Common 17-55] 'set_property' expects at least one object. [C:/Users/marti/Desktop/Uni/5 ano/2 semestre/CR/guiao 2/exe2/exe2.srcs/constrs_1/imports/guiao 1/Nexys4_Master.xdc:65]
Resolution: If [get_<value>] was used to populate the object, check to make sure this command returns at least one valid object.
WARNING: [Vivado 12-584] No ports matched 'sw[15]'. [C:/Users/marti/Desktop/Uni/5 ano/2 semestre/CR/guiao 2/exe2/exe2.srcs/constrs_1/imports/guiao 1/Nexys4_Master.xdc:66]
CRITICAL WARNING: [Common 17-55] 'set_property' expects at least one object. [C:/Users/marti/Desktop/Uni/5 ano/2 semestre/CR/guiao 2/exe2/exe2.srcs/constrs_1/imports/guiao 1/Nexys4_Master.xdc:66]
Resolution: If [get_<value>] was used to populate the object, check to make sure this command returns at least one valid object.
WARNING: [Vivado 12-584] No ports matched 'led[4]'. [C:/Users/marti/Desktop/Uni/5 ano/2 semestre/CR/guiao 2/exe2/exe2.srcs/constrs_1/imports/guiao 1/Nexys4_Master.xdc:84]
CRITICAL WARNING: [Common 17-55] 'set_property' expects at least one object. [C:/Users/marti/Desktop/Uni/5 ano/2 semestre/CR/guiao 2/exe2/exe2.srcs/constrs_1/imports/guiao 1/Nexys4_Master.xdc:84]
Resolution: If [get_<value>] was used to populate the object, check to make sure this command returns at least one valid object.
WARNING: [Vivado 12-584] No ports matched 'led[4]'. [C:/Users/marti/Desktop/Uni/5 ano/2 semestre/CR/guiao 2/exe2/exe2.srcs/constrs_1/imports/guiao 1/Nexys4_Master.xdc:85]
CRITICAL WARNING: [Common 17-55] 'set_property' expects at least one object. [C:/Users/marti/Desktop/Uni/5 ano/2 semestre/CR/guiao 2/exe2/exe2.srcs/constrs_1/imports/guiao 1/Nexys4_Master.xdc:85]
Resolution: If [get_<value>] was used to populate the object, check to make sure this command returns at least one valid object.
WARNING: [Vivado 12-584] No ports matched 'led[5]'. [C:/Users/marti/Desktop/Uni/5 ano/2 semestre/CR/guiao 2/exe2/exe2.srcs/constrs_1/imports/guiao 1/Nexys4_Master.xdc:87]
CRITICAL WARNING: [Common 17-55] 'set_property' expects at least one object. [C:/Users/marti/Desktop/Uni/5 ano/2 semestre/CR/guiao 2/exe2/exe2.srcs/constrs_1/imports/guiao 1/Nexys4_Master.xdc:87]
Resolution: If [get_<value>] was used to populate the object, check to make sure this command returns at least one valid object.
WARNING: [Vivado 12-584] No ports matched 'led[5]'. [C:/Users/marti/Desktop/Uni/5 ano/2 semestre/CR/guiao 2/exe2/exe2.srcs/constrs_1/imports/guiao 1/Nexys4_Master.xdc:88]
CRITICAL WARNING: [Common 17-55] 'set_property' expects at least one object. [C:/Users/marti/Desktop/Uni/5 ano/2 semestre/CR/guiao 2/exe2/exe2.srcs/constrs_1/imports/guiao 1/Nexys4_Master.xdc:88]
Resolution: If [get_<value>] was used to populate the object, check to make sure this command returns at least one valid object.
WARNING: [Vivado 12-584] No ports matched 'led[6]'. [C:/Users/marti/Desktop/Uni/5 ano/2 semestre/CR/guiao 2/exe2/exe2.srcs/constrs_1/imports/guiao 1/Nexys4_Master.xdc:90]
CRITICAL WARNING: [Common 17-55] 'set_property' expects at least one object. [C:/Users/marti/Desktop/Uni/5 ano/2 semestre/CR/guiao 2/exe2/exe2.srcs/constrs_1/imports/guiao 1/Nexys4_Master.xdc:90]
Resolution: If [get_<value>] was used to populate the object, check to make sure this command returns at least one valid object.
WARNING: [Vivado 12-584] No ports matched 'led[6]'. [C:/Users/marti/Desktop/Uni/5 ano/2 semestre/CR/guiao 2/exe2/exe2.srcs/constrs_1/imports/guiao 1/Nexys4_Master.xdc:91]
CRITICAL WARNING: [Common 17-55] 'set_property' expects at least one object. [C:/Users/marti/Desktop/Uni/5 ano/2 semestre/CR/guiao 2/exe2/exe2.srcs/constrs_1/imports/guiao 1/Nexys4_Master.xdc:91]
Resolution: If [get_<value>] was used to populate the object, check to make sure this command returns at least one valid object.
WARNING: [Vivado 12-584] No ports matched 'led[7]'. [C:/Users/marti/Desktop/Uni/5 ano/2 semestre/CR/guiao 2/exe2/exe2.srcs/constrs_1/imports/guiao 1/Nexys4_Master.xdc:93]
CRITICAL WARNING: [Common 17-55] 'set_property' expects at least one object. [C:/Users/marti/Desktop/Uni/5 ano/2 semestre/CR/guiao 2/exe2/exe2.srcs/constrs_1/imports/guiao 1/Nexys4_Master.xdc:93]
Resolution: If [get_<value>] was used to populate the object, check to make sure this command returns at least one valid object.
WARNING: [Vivado 12-584] No ports matched 'led[7]'. [C:/Users/marti/Desktop/Uni/5 ano/2 semestre/CR/guiao 2/exe2/exe2.srcs/constrs_1/imports/guiao 1/Nexys4_Master.xdc:94]
CRITICAL WARNING: [Common 17-55] 'set_property' expects at least one object. [C:/Users/marti/Desktop/Uni/5 ano/2 semestre/CR/guiao 2/exe2/exe2.srcs/constrs_1/imports/guiao 1/Nexys4_Master.xdc:94]
Resolution: If [get_<value>] was used to populate the object, check to make sure this command returns at least one valid object.
WARNING: [Vivado 12-584] No ports matched 'led[8]'. [C:/Users/marti/Desktop/Uni/5 ano/2 semestre/CR/guiao 2/exe2/exe2.srcs/constrs_1/imports/guiao 1/Nexys4_Master.xdc:96]
CRITICAL WARNING: [Common 17-55] 'set_property' expects at least one object. [C:/Users/marti/Desktop/Uni/5 ano/2 semestre/CR/guiao 2/exe2/exe2.srcs/constrs_1/imports/guiao 1/Nexys4_Master.xdc:96]
Resolution: If [get_<value>] was used to populate the object, check to make sure this command returns at least one valid object.
WARNING: [Vivado 12-584] No ports matched 'led[8]'. [C:/Users/marti/Desktop/Uni/5 ano/2 semestre/CR/guiao 2/exe2/exe2.srcs/constrs_1/imports/guiao 1/Nexys4_Master.xdc:97]
CRITICAL WARNING: [Common 17-55] 'set_property' expects at least one object. [C:/Users/marti/Desktop/Uni/5 ano/2 semestre/CR/guiao 2/exe2/exe2.srcs/constrs_1/imports/guiao 1/Nexys4_Master.xdc:97]
Resolution: If [get_<value>] was used to populate the object, check to make sure this command returns at least one valid object.
WARNING: [Vivado 12-584] No ports matched 'led[9]'. [C:/Users/marti/Desktop/Uni/5 ano/2 semestre/CR/guiao 2/exe2/exe2.srcs/constrs_1/imports/guiao 1/Nexys4_Master.xdc:99]
CRITICAL WARNING: [Common 17-55] 'set_property' expects at least one object. [C:/Users/marti/Desktop/Uni/5 ano/2 semestre/CR/guiao 2/exe2/exe2.srcs/constrs_1/imports/guiao 1/Nexys4_Master.xdc:99]
Resolution: If [get_<value>] was used to populate the object, check to make sure this command returns at least one valid object.
WARNING: [Vivado 12-584] No ports matched 'led[9]'. [C:/Users/marti/Desktop/Uni/5 ano/2 semestre/CR/guiao 2/exe2/exe2.srcs/constrs_1/imports/guiao 1/Nexys4_Master.xdc:100]
CRITICAL WARNING: [Common 17-55] 'set_property' expects at least one object. [C:/Users/marti/Desktop/Uni/5 ano/2 semestre/CR/guiao 2/exe2/exe2.srcs/constrs_1/imports/guiao 1/Nexys4_Master.xdc:100]
Resolution: If [get_<value>] was used to populate the object, check to make sure this command returns at least one valid object.
WARNING: [Vivado 12-584] No ports matched 'led[10]'. [C:/Users/marti/Desktop/Uni/5 ano/2 semestre/CR/guiao 2/exe2/exe2.srcs/constrs_1/imports/guiao 1/Nexys4_Master.xdc:102]
CRITICAL WARNING: [Common 17-55] 'set_property' expects at least one object. [C:/Users/marti/Desktop/Uni/5 ano/2 semestre/CR/guiao 2/exe2/exe2.srcs/constrs_1/imports/guiao 1/Nexys4_Master.xdc:102]
Resolution: If [get_<value>] was used to populate the object, check to make sure this command returns at least one valid object.
WARNING: [Vivado 12-584] No ports matched 'led[10]'. [C:/Users/marti/Desktop/Uni/5 ano/2 semestre/CR/guiao 2/exe2/exe2.srcs/constrs_1/imports/guiao 1/Nexys4_Master.xdc:103]
CRITICAL WARNING: [Common 17-55] 'set_property' expects at least one object. [C:/Users/marti/Desktop/Uni/5 ano/2 semestre/CR/guiao 2/exe2/exe2.srcs/constrs_1/imports/guiao 1/Nexys4_Master.xdc:103]
Resolution: If [get_<value>] was used to populate the object, check to make sure this command returns at least one valid object.
WARNING: [Vivado 12-584] No ports matched 'led[11]'. [C:/Users/marti/Desktop/Uni/5 ano/2 semestre/CR/guiao 2/exe2/exe2.srcs/constrs_1/imports/guiao 1/Nexys4_Master.xdc:105]
CRITICAL WARNING: [Common 17-55] 'set_property' expects at least one object. [C:/Users/marti/Desktop/Uni/5 ano/2 semestre/CR/guiao 2/exe2/exe2.srcs/constrs_1/imports/guiao 1/Nexys4_Master.xdc:105]
Resolution: If [get_<value>] was used to populate the object, check to make sure this command returns at least one valid object.
WARNING: [Vivado 12-584] No ports matched 'led[11]'. [C:/Users/marti/Desktop/Uni/5 ano/2 semestre/CR/guiao 2/exe2/exe2.srcs/constrs_1/imports/guiao 1/Nexys4_Master.xdc:106]
CRITICAL WARNING: [Common 17-55] 'set_property' expects at least one object. [C:/Users/marti/Desktop/Uni/5 ano/2 semestre/CR/guiao 2/exe2/exe2.srcs/constrs_1/imports/guiao 1/Nexys4_Master.xdc:106]
Resolution: If [get_<value>] was used to populate the object, check to make sure this command returns at least one valid object.
WARNING: [Vivado 12-584] No ports matched 'led[12]'. [C:/Users/marti/Desktop/Uni/5 ano/2 semestre/CR/guiao 2/exe2/exe2.srcs/constrs_1/imports/guiao 1/Nexys4_Master.xdc:108]
CRITICAL WARNING: [Common 17-55] 'set_property' expects at least one object. [C:/Users/marti/Desktop/Uni/5 ano/2 semestre/CR/guiao 2/exe2/exe2.srcs/constrs_1/imports/guiao 1/Nexys4_Master.xdc:108]
Resolution: If [get_<value>] was used to populate the object, check to make sure this command returns at least one valid object.
WARNING: [Vivado 12-584] No ports matched 'led[12]'. [C:/Users/marti/Desktop/Uni/5 ano/2 semestre/CR/guiao 2/exe2/exe2.srcs/constrs_1/imports/guiao 1/Nexys4_Master.xdc:109]
CRITICAL WARNING: [Common 17-55] 'set_property' expects at least one object. [C:/Users/marti/Desktop/Uni/5 ano/2 semestre/CR/guiao 2/exe2/exe2.srcs/constrs_1/imports/guiao 1/Nexys4_Master.xdc:109]
Resolution: If [get_<value>] was used to populate the object, check to make sure this command returns at least one valid object.
WARNING: [Vivado 12-584] No ports matched 'led[13]'. [C:/Users/marti/Desktop/Uni/5 ano/2 semestre/CR/guiao 2/exe2/exe2.srcs/constrs_1/imports/guiao 1/Nexys4_Master.xdc:111]
CRITICAL WARNING: [Common 17-55] 'set_property' expects at least one object. [C:/Users/marti/Desktop/Uni/5 ano/2 semestre/CR/guiao 2/exe2/exe2.srcs/constrs_1/imports/guiao 1/Nexys4_Master.xdc:111]
Resolution: If [get_<value>] was used to populate the object, check to make sure this command returns at least one valid object.
WARNING: [Vivado 12-584] No ports matched 'led[13]'. [C:/Users/marti/Desktop/Uni/5 ano/2 semestre/CR/guiao 2/exe2/exe2.srcs/constrs_1/imports/guiao 1/Nexys4_Master.xdc:112]
CRITICAL WARNING: [Common 17-55] 'set_property' expects at least one object. [C:/Users/marti/Desktop/Uni/5 ano/2 semestre/CR/guiao 2/exe2/exe2.srcs/constrs_1/imports/guiao 1/Nexys4_Master.xdc:112]
Resolution: If [get_<value>] was used to populate the object, check to make sure this command returns at least one valid object.
WARNING: [Vivado 12-584] No ports matched 'led[14]'. [C:/Users/marti/Desktop/Uni/5 ano/2 semestre/CR/guiao 2/exe2/exe2.srcs/constrs_1/imports/guiao 1/Nexys4_Master.xdc:114]
CRITICAL WARNING: [Common 17-55] 'set_property' expects at least one object. [C:/Users/marti/Desktop/Uni/5 ano/2 semestre/CR/guiao 2/exe2/exe2.srcs/constrs_1/imports/guiao 1/Nexys4_Master.xdc:114]
Resolution: If [get_<value>] was used to populate the object, check to make sure this command returns at least one valid object.
WARNING: [Vivado 12-584] No ports matched 'led[14]'. [C:/Users/marti/Desktop/Uni/5 ano/2 semestre/CR/guiao 2/exe2/exe2.srcs/constrs_1/imports/guiao 1/Nexys4_Master.xdc:115]
CRITICAL WARNING: [Common 17-55] 'set_property' expects at least one object. [C:/Users/marti/Desktop/Uni/5 ano/2 semestre/CR/guiao 2/exe2/exe2.srcs/constrs_1/imports/guiao 1/Nexys4_Master.xdc:115]
Resolution: If [get_<value>] was used to populate the object, check to make sure this command returns at least one valid object.
WARNING: [Vivado 12-584] No ports matched 'led[15]'. [C:/Users/marti/Desktop/Uni/5 ano/2 semestre/CR/guiao 2/exe2/exe2.srcs/constrs_1/imports/guiao 1/Nexys4_Master.xdc:117]
CRITICAL WARNING: [Common 17-55] 'set_property' expects at least one object. [C:/Users/marti/Desktop/Uni/5 ano/2 semestre/CR/guiao 2/exe2/exe2.srcs/constrs_1/imports/guiao 1/Nexys4_Master.xdc:117]
Resolution: If [get_<value>] was used to populate the object, check to make sure this command returns at least one valid object.
WARNING: [Vivado 12-584] No ports matched 'led[15]'. [C:/Users/marti/Desktop/Uni/5 ano/2 semestre/CR/guiao 2/exe2/exe2.srcs/constrs_1/imports/guiao 1/Nexys4_Master.xdc:118]
CRITICAL WARNING: [Common 17-55] 'set_property' expects at least one object. [C:/Users/marti/Desktop/Uni/5 ano/2 semestre/CR/guiao 2/exe2/exe2.srcs/constrs_1/imports/guiao 1/Nexys4_Master.xdc:118]
Resolution: If [get_<value>] was used to populate the object, check to make sure this command returns at least one valid object.
WARNING: [Vivado 12-584] No ports matched 'dp'. [C:/Users/marti/Desktop/Uni/5 ano/2 semestre/CR/guiao 2/exe2/exe2.srcs/constrs_1/imports/guiao 1/Nexys4_Master.xdc:163]
CRITICAL WARNING: [Common 17-55] 'set_property' expects at least one object. [C:/Users/marti/Desktop/Uni/5 ano/2 semestre/CR/guiao 2/exe2/exe2.srcs/constrs_1/imports/guiao 1/Nexys4_Master.xdc:163]
Resolution: If [get_<value>] was used to populate the object, check to make sure this command returns at least one valid object.
WARNING: [Vivado 12-584] No ports matched 'dp'. [C:/Users/marti/Desktop/Uni/5 ano/2 semestre/CR/guiao 2/exe2/exe2.srcs/constrs_1/imports/guiao 1/Nexys4_Master.xdc:164]
CRITICAL WARNING: [Common 17-55] 'set_property' expects at least one object. [C:/Users/marti/Desktop/Uni/5 ano/2 semestre/CR/guiao 2/exe2/exe2.srcs/constrs_1/imports/guiao 1/Nexys4_Master.xdc:164]
Resolution: If [get_<value>] was used to populate the object, check to make sure this command returns at least one valid object.
WARNING: [Vivado 12-584] No ports matched 'btnL'. [C:/Users/marti/Desktop/Uni/5 ano/2 semestre/CR/guiao 2/exe2/exe2.srcs/constrs_1/imports/guiao 1/Nexys4_Master.xdc:202]
CRITICAL WARNING: [Common 17-55] 'set_property' expects at least one object. [C:/Users/marti/Desktop/Uni/5 ano/2 semestre/CR/guiao 2/exe2/exe2.srcs/constrs_1/imports/guiao 1/Nexys4_Master.xdc:202]
Resolution: If [get_<value>] was used to populate the object, check to make sure this command returns at least one valid object.
WARNING: [Vivado 12-584] No ports matched 'btnL'. [C:/Users/marti/Desktop/Uni/5 ano/2 semestre/CR/guiao 2/exe2/exe2.srcs/constrs_1/imports/guiao 1/Nexys4_Master.xdc:203]
CRITICAL WARNING: [Common 17-55] 'set_property' expects at least one object. [C:/Users/marti/Desktop/Uni/5 ano/2 semestre/CR/guiao 2/exe2/exe2.srcs/constrs_1/imports/guiao 1/Nexys4_Master.xdc:203]
Resolution: If [get_<value>] was used to populate the object, check to make sure this command returns at least one valid object.
Finished Parsing XDC File [C:/Users/marti/Desktop/Uni/5 ano/2 semestre/CR/guiao 2/exe2/exe2.srcs/constrs_1/imports/guiao 1/Nexys4_Master.xdc]
INFO: [Project 1-236] Implementation specific constraints were found while reading constraint file [C:/Users/marti/Desktop/Uni/5 ano/2 semestre/CR/guiao 2/exe2/exe2.srcs/constrs_1/imports/guiao 1/Nexys4_Master.xdc]. These constraints will be ignored for synthesis but will be used in implementation. Impacted constraints are listed in the file [.Xil/wrapper_4_propImpl.xdc].
Resolution: To avoid this warning, move constraints listed in [.Xil/wrapper_4_propImpl.xdc] to another XDC file and exclude this new file from synthesis with the used_in_synthesis property (File Properties dialog in GUI) and re-run elaboration/synthesis.
Completed Processing XDC Constraints

Netlist sorting complete. Time (s): cpu = 00:00:00 ; elapsed = 00:00:00 . Memory (MB): peak = 999.719 ; gain = 0.000
INFO: [Project 1-111] Unisim Transformation Summary:
No Unisim elements were transformed.

Constraint Validation Runtime : Time (s): cpu = 00:00:00 ; elapsed = 00:00:00.006 . Memory (MB): peak = 999.719 ; gain = 0.000
---------------------------------------------------------------------------------
Finished Constraint Validation : Time (s): cpu = 00:00:17 ; elapsed = 00:00:27 . Memory (MB): peak = 999.719 ; gain = 0.000
---------------------------------------------------------------------------------
---------------------------------------------------------------------------------
Start Loading Part and Timing Information
---------------------------------------------------------------------------------
Loading part: xc7a100tcsg324-1
---------------------------------------------------------------------------------
Finished Loading Part and Timing Information : Time (s): cpu = 00:00:17 ; elapsed = 00:00:27 . Memory (MB): peak = 999.719 ; gain = 0.000
---------------------------------------------------------------------------------
---------------------------------------------------------------------------------
Start Applying 'set_property' XDC Constraints
---------------------------------------------------------------------------------
---------------------------------------------------------------------------------
Finished applying 'set_property' XDC Constraints : Time (s): cpu = 00:00:17 ; elapsed = 00:00:27 . Memory (MB): peak = 999.719 ; gain = 0.000
---------------------------------------------------------------------------------
---------------------------------------------------------------------------------
Finished RTL Optimization Phase 2 : Time (s): cpu = 00:00:17 ; elapsed = 00:00:28 . Memory (MB): peak = 999.719 ; gain = 0.000
---------------------------------------------------------------------------------
---------------------------------------------------------------------------------
Start RTL Component Statistics 
---------------------------------------------------------------------------------
Detailed RTL Component Info : 
+---Adders : 
	   2 Input   27 Bit       Adders := 1     
	   2 Input   26 Bit       Adders := 1     
	   2 Input   24 Bit       Adders := 3     
	   2 Input    4 Bit       Adders := 1     
+---Registers : 
	               27 Bit    Registers := 1     
	               26 Bit    Registers := 1     
	               24 Bit    Registers := 3     
	                4 Bit    Registers := 1     
	                1 Bit    Registers := 13    
+---Muxes : 
	   2 Input   27 Bit        Muxes := 1     
	   2 Input   26 Bit        Muxes := 1     
	   2 Input   24 Bit        Muxes := 6     
	   2 Input   23 Bit        Muxes := 3     
	   2 Input    2 Bit        Muxes := 1     
	   2 Input    1 Bit        Muxes := 8     
---------------------------------------------------------------------------------
Finished RTL Component Statistics 
---------------------------------------------------------------------------------
---------------------------------------------------------------------------------
Start Part Resource Summary
---------------------------------------------------------------------------------
Part Resources:
DSPs: 240 (col length:80)
BRAMs: 270 (col length: RAMB18 80 RAMB36 40)
---------------------------------------------------------------------------------
Finished Part Resource Summary
---------------------------------------------------------------------------------
---------------------------------------------------------------------------------
Start Cross Boundary and Area Optimization
---------------------------------------------------------------------------------
---------------------------------------------------------------------------------
Finished Cross Boundary and Area Optimization : Time (s): cpu = 00:00:20 ; elapsed = 00:00:32 . Memory (MB): peak = 999.719 ; gain = 0.000
---------------------------------------------------------------------------------
---------------------------------------------------------------------------------
Start Applying XDC Timing Constraints
---------------------------------------------------------------------------------
---------------------------------------------------------------------------------
Finished Applying XDC Timing Constraints : Time (s): cpu = 00:00:27 ; elapsed = 00:00:43 . Memory (MB): peak = 999.719 ; gain = 0.000
---------------------------------------------------------------------------------
---------------------------------------------------------------------------------
Start Timing Optimization
---------------------------------------------------------------------------------
---------------------------------------------------------------------------------
Finished Timing Optimization : Time (s): cpu = 00:00:27 ; elapsed = 00:00:43 . Memory (MB): peak = 999.719 ; gain = 0.000
---------------------------------------------------------------------------------
---------------------------------------------------------------------------------
Start Technology Mapping
---------------------------------------------------------------------------------
---------------------------------------------------------------------------------
Finished Technology Mapping : Time (s): cpu = 00:00:28 ; elapsed = 00:00:43 . Memory (MB): peak = 999.719 ; gain = 0.000
---------------------------------------------------------------------------------
---------------------------------------------------------------------------------
Start IO Insertion
---------------------------------------------------------------------------------
---------------------------------------------------------------------------------
Start Flattening Before IO Insertion
---------------------------------------------------------------------------------
---------------------------------------------------------------------------------
Finished Flattening Before IO Insertion
---------------------------------------------------------------------------------
---------------------------------------------------------------------------------
Start Final Netlist Cleanup
---------------------------------------------------------------------------------
---------------------------------------------------------------------------------
Finished Final Netlist Cleanup
---------------------------------------------------------------------------------
---------------------------------------------------------------------------------
Finished IO Insertion : Time (s): cpu = 00:00:32 ; elapsed = 00:00:49 . Memory (MB): peak = 999.719 ; gain = 0.000
---------------------------------------------------------------------------------
---------------------------------------------------------------------------------
Start Renaming Generated Instances
---------------------------------------------------------------------------------
---------------------------------------------------------------------------------
Finished Renaming Generated Instances : Time (s): cpu = 00:00:32 ; elapsed = 00:00:49 . Memory (MB): peak = 999.719 ; gain = 0.000
---------------------------------------------------------------------------------
---------------------------------------------------------------------------------
Start Rebuilding User Hierarchy
---------------------------------------------------------------------------------
---------------------------------------------------------------------------------
Finished Rebuilding User Hierarchy : Time (s): cpu = 00:00:32 ; elapsed = 00:00:49 . Memory (MB): peak = 999.719 ; gain = 0.000
---------------------------------------------------------------------------------
---------------------------------------------------------------------------------
Start Renaming Generated Ports
---------------------------------------------------------------------------------
---------------------------------------------------------------------------------
Finished Renaming Generated Ports : Time (s): cpu = 00:00:32 ; elapsed = 00:00:49 . Memory (MB): peak = 999.719 ; gain = 0.000
---------------------------------------------------------------------------------
---------------------------------------------------------------------------------
Start Handling Custom Attributes
---------------------------------------------------------------------------------
---------------------------------------------------------------------------------
Finished Handling Custom Attributes : Time (s): cpu = 00:00:32 ; elapsed = 00:00:49 . Memory (MB): peak = 999.719 ; gain = 0.000
---------------------------------------------------------------------------------
---------------------------------------------------------------------------------
Start Renaming Generated Nets
---------------------------------------------------------------------------------
---------------------------------------------------------------------------------
Finished Renaming Generated Nets : Time (s): cpu = 00:00:32 ; elapsed = 00:00:49 . Memory (MB): peak = 999.719 ; gain = 0.000
---------------------------------------------------------------------------------
---------------------------------------------------------------------------------
Start Writing Synthesis Report
---------------------------------------------------------------------------------

Report BlackBoxes: 
+-+--------------+----------+
| |BlackBox name |Instances |
+-+--------------+----------+
+-+--------------+----------+

Report Cell Usage: 
+------+-------+------+
|      |Cell   |Count |
+------+-------+------+
|1     |BUFG   |     1|
|2     |CARRY4 |    25|
|3     |LUT1   |    80|
|4     |LUT2   |    31|
|5     |LUT3   |     4|
|6     |LUT4   |    54|
|7     |LUT5   |     7|
|8     |LUT6   |     7|
|9     |FDRE   |   115|
|10    |IBUF   |     5|
|11    |OBUF   |    19|
+------+-------+------+
---------------------------------------------------------------------------------
Finished Writing Synthesis Report : Time (s): cpu = 00:00:32 ; elapsed = 00:00:49 . Memory (MB): peak = 999.719 ; gain = 0.000
---------------------------------------------------------------------------------
Synthesis finished with 0 errors, 0 critical warnings and 0 warnings.
Synthesis Optimization Runtime : Time (s): cpu = 00:00:20 ; elapsed = 00:00:44 . Memory (MB): peak = 999.719 ; gain = 0.000
Synthesis Optimization Complete : Time (s): cpu = 00:00:32 ; elapsed = 00:00:49 . Memory (MB): peak = 999.719 ; gain = 0.000
INFO: [Project 1-571] Translating synthesized netlist
Netlist sorting complete. Time (s): cpu = 00:00:00 ; elapsed = 00:00:00.004 . Memory (MB): peak = 1005.453 ; gain = 0.000
INFO: [Netlist 29-17] Analyzing 25 Unisim elements for replacement
INFO: [Netlist 29-28] Unisim Transformation completed in 0 CPU seconds
INFO: [Project 1-570] Preparing netlist for logic optimization
INFO: [Opt 31-138] Pushed 0 inverter(s) to 0 load pin(s).
Netlist sorting complete. Time (s): cpu = 00:00:00 ; elapsed = 00:00:00 . Memory (MB): peak = 1005.496 ; gain = 0.000
INFO: [Project 1-111] Unisim Transformation Summary:
No Unisim elements were transformed.

INFO: [Common 17-83] Releasing license: Synthesis
27 Infos, 60 Warnings, 60 Critical Warnings and 0 Errors encountered.
synth_design completed successfully
synth_design: Time (s): cpu = 00:00:43 ; elapsed = 00:01:31 . Memory (MB): peak = 1005.496 ; gain = 5.777
INFO: [runtcl-6] Synthesis results are not added to the cache due to CRITICAL_WARNING
INFO: [Common 17-1381] The checkpoint 'C:/Users/marti/Desktop/Uni/5 ano/2 semestre/CR/guiao 2/exe2/exe2.runs/synth_1/wrapper_4.dcp' has been generated.
INFO: [runtcl-4] Executing : report_utilization -file wrapper_4_utilization_synth.rpt -pb wrapper_4_utilization_synth.pb
INFO: [Common 17-206] Exiting Vivado at Mon Mar 21 11:31:50 2022...
