#-----------------------------------------------------------
# Vivado v2020.2 (64-bit)
# SW Build 3064766 on Wed Nov 18 09:12:45 MST 2020
# IP Build 3064653 on Wed Nov 18 14:17:31 MST 2020
# Start of session at: Wed Mar 23 22:36:44 2022
# Process ID: 552
# Current directory: C:/Users/marti/Desktop/Uni/5 ano/2 semestre/CR/guiao 3/exe3
# Command line: vivado.exe -gui_launcher_event rodinguilauncherevent7504 C:\Users\marti\Desktop\Uni\5 ano\2 semestre\CR\guiao 3\exe3\exe3.xpr
# Log file: C:/Users/marti/Desktop/Uni/5 ano/2 semestre/CR/guiao 3/exe3/vivado.log
# Journal file: C:/Users/marti/Desktop/Uni/5 ano/2 semestre/CR/guiao 3/exe3\vivado.jou
#-----------------------------------------------------------
start_gui
open_project {C:/Users/marti/Desktop/Uni/5 ano/2 semestre/CR/guiao 3/exe3/exe3.xpr}
WARNING: [filemgmt 56-3] Default IP Output Path : Could not find the directory 'C:/Users/marti/Desktop/Uni/5 ano/2 semestre/CR/guiao 3/exe3/exe3.gen/sources_1'.
Scanning sources...
Finished scanning sources
INFO: [IP_Flow 19-234] Refreshing IP repositories
INFO: [IP_Flow 19-1704] No user IP repositories specified
INFO: [IP_Flow 19-2313] Loaded Vivado IP repository 'C:/Xilinx/Vivado/2020.2/data/ip'.
open_project: Time (s): cpu = 00:00:17 ; elapsed = 00:00:07 . Memory (MB): peak = 1000.234 ; gain = 0.000
update_compile_order -fileset sources_1
exit
INFO: [Common 17-206] Exiting Vivado at Wed Mar 23 22:41:37 2022...
