\BOOKMARK [0][-]{chapter.1}{Introdu\347\343o}{}% 1
\BOOKMARK [0][-]{chapter.2}{Defini\347\343o}{}% 2
\BOOKMARK [0][-]{chapter.3}{Classifica\347\343o}{}% 3
\BOOKMARK [1][-]{section.3.1}{Mem\363ria principal ou secund\341ria}{chapter.3}% 4
\BOOKMARK [1][-]{section.3.2}{Mem\363ria vol\341til ou n\343o vol\341til}{chapter.3}% 5
\BOOKMARK [1][-]{section.3.3}{Dispositivo magn\351tico, \363tico ou eletr\363nico}{chapter.3}% 6
\BOOKMARK [1][-]{section.3.4}{Dispositivo remov\355vel ou n\343o remov\355vel}{chapter.3}% 7
\BOOKMARK [0][-]{chapter.4}{Exemplos}{}% 8
\BOOKMARK [1][-]{section.4.1}{Disquete}{chapter.4}% 9
\BOOKMARK [1][-]{section.4.2}{CD}{chapter.4}% 10
\BOOKMARK [2][-]{subsection.4.2.1}{Tipos de CD}{section.4.2}% 11
\BOOKMARK [1][-]{section.4.3}{DVD}{chapter.4}% 12
\BOOKMARK [2][-]{subsection.4.3.1}{Tipos de DVD}{section.4.3}% 13
\BOOKMARK [1][-]{section.4.4}{Disco Blu-ray}{chapter.4}% 14
\BOOKMARK [1][-]{section.4.5}{Cart\343o de Mem\363ria}{chapter.4}% 15
\BOOKMARK [2][-]{subsection.4.5.1}{Tipos de cart\365es de mem\363ria}{section.4.5}% 16
\BOOKMARK [1][-]{section.4.6}{PEN Drive}{chapter.4}% 17
\BOOKMARK [1][-]{section.4.7}{Disco HDD}{chapter.4}% 18
\BOOKMARK [1][-]{section.4.8}{Disco SSD}{chapter.4}% 19
\BOOKMARK [2][-]{subsection.4.8.1}{Diferen\347as entre disco HDD e SSD}{section.4.8}% 20
\BOOKMARK [1][-]{section.4.9}{Disco Externo}{chapter.4}% 21
\BOOKMARK [1][-]{section.4.10}{Mem\363ria RAM}{chapter.4}% 22
\BOOKMARK [1][-]{section.4.11}{Mem\363ria ROM}{chapter.4}% 23
\BOOKMARK [1][-]{section.4.12}{Mem\363ria Cache}{chapter.4}% 24
\BOOKMARK [0][-]{chapter.5}{Evolu\347\343o}{}% 25
\BOOKMARK [0][-]{chapter.6}{Conclus\343o}{}% 26
